Godot Engine v4.6.1.stable.official.14d19694e - https://godotengine.org

ERROR: Failed to read the root certificate store.
   at: get_system_ca_certificates (platform/windows/os_windows.cpp:2570)
[   0% ] first_scan_filesystem | Started Project initialization (5 steps)
[   0% ] first_scan_filesystem | Scanning file structure...
[  16% ] first_scan_filesystem | Loading global class names...
[  33% ] first_scan_filesystem | Verifying GDExtensions...
[  50% ] first_scan_filesystem | Creating autoload scripts...
[  66% ] first_scan_filesystem | Initializing plugins...
[  83% ] first_scan_filesystem | Starting file scan...
[ DONE ] first_scan_filesystem

[   0% ] update_scripts_classes | Started Registering global classes... (13 steps)
[   0% ] update_scripts_classes | EquipmentSlotDef
[   7% ] update_scripts_classes | EquipmentSlotRegistryDef
[  14% ] update_scripts_classes | EquippedSlotInstance
[  21% ] update_scripts_classes | PlayerEquipmentState
[  28% ] update_scripts_classes | StorageBox
[  35% ] update_scripts_classes | 
[  42% ] update_scripts_classes | 
[  50% ] update_scripts_classes | 
[  57% ] update_scripts_classes | 
[  64% ] update_scripts_classes | 
[  71% ] update_scripts_classes | 
[  78% ] update_scripts_classes | 
[  85% ] update_scripts_classes | 
[ DONE ] update_scripts_classes

[   0% ] _update_scan_actions | Started Scanning actions... (5 steps)
[   0% ] _update_scan_actions | Josie.glb
[  16% ] _update_scan_actions | Eye Texture.png
[  33% ] _update_scan_actions | JosieColorSheet.png
[  50% ] _update_scan_actions | Mouth_01.png
[  66% ] _update_scan_actions | Mouth_02.png
[ DONE ] _update_scan_actions

[   0% ] reimport | Started (Re)Importing Assets (5 steps)
[   0% ] reimport | Preparing files to reimport...
[  16% ] reimport | Preparing files to reimport...
[  33% ] reimport | Preparing files to reimport...
[  50% ] reimport | Preparing files to reimport...
[  66% ] reimport | Preparing files to reimport...
[   0% ] reimport | Executing pre-reimport operations...
[   0% ] preload_reimporting_scene | Started Preparing scenes for reload (1 steps)
[   0% ] preload_reimporting_scene | Analyzing scene [empty]
[  50% ] preload_reimporting_scene | Preparation done.
[ DONE ] preload_reimporting_scene

[   0% ] reimport | Eye Texture.png
[  16% ] reimport | JosieColorSheet.png
[  33% ] reimport | Mouth_01.png
[  50% ] reimport | Mouth_02.png
[  66% ] reimport | Josie.glb
[   0% ] import | Started Import Scene (104 steps)
[   0% ] import | Importing Scene...
[   1% ] import | Running Custom Script...
[  99% ] import | Saving...
[ DONE ] import

[  83% ] reimport | Finalizing Asset Import...
[ DONE ] reimport

[   0% ] reimport | Started (Re)Importing Assets (5 steps)
[   0% ] reimport | Executing post-reimport operations...
[ DONE ] reimport

[   0% ] loading_editor_layout | Started Loading editor (5 steps)
[   0% ] loading_editor_layout | Loading editor layout...
[  16% ] loading_editor_layout | Loading docks...
[  33% ] loading_editor_layout | Reopening scenes...
[  50% ] loading_editor_layout | Loading central editor layout...
[  66% ] loading_editor_layout | Loading plugin window layout...
[  83% ] loading_editor_layout | Editor layout ready.
[ DONE ] loading_editor_layout

WARNING: At least one surface uses an old surface format and needs to be upgraded. The upgrade happens automatically at load time every time until the mesh is saved again or re-imported. Once saved (or re-imported), this mesh will be incompatible with earlier versions of Godot.
   at: fix_surface_compatibility (servers/rendering/rendering_server.cpp:2233)
WARNING: A surface of res://Josie/josie.tscn::ArrayMesh_0kp6p uses an old surface format and needs to be upgraded.
   at: fix_surface_compatibility (servers/rendering/rendering_server.cpp:2236)
WARNING: A surface of res://Josie/josie.tscn::ArrayMesh_0kp6p uses an old surface format and needs to be upgraded.
   at: fix_surface_compatibility (servers/rendering/rendering_server.cpp:2236)
ERROR: Cannot save file 'C:/Users/ixro1/AppData/Roaming/Godot/editor_settings-4.6.tres'.
   at: save (scene/resources/resource_format_text.cpp:1756)
ERROR: Error saving editor settings to C:/Users/ixro1/AppData/Roaming/Godot/editor_settings-4.6.tres
   at: save (editor/settings/editor_settings.cpp:1404)
