Godot Engine v4.6.1.stable.official.14d19694e - https://godotengine.org

ERROR: Failed to read the root certificate store.
   at: get_system_ca_certificates (platform/windows/os_windows.cpp:2570)
[   0% ] first_scan_filesystem | Started Project initialization (5 steps)
[   0% ] first_scan_filesystem | Scanning file structure...
[  16% ] first_scan_filesystem | Loading global class names...
[  33% ] first_scan_filesystem | Verifying GDExtensions...
[  50% ] first_scan_filesystem | Creating autoload scripts...
[  66% ] first_scan_filesystem | Initializing plugins...
[  83% ] first_scan_filesystem | Starting file scan...
[ DONE ] first_scan_filesystem

[   0% ] loading_editor_layout | Started Loading editor (5 steps)
[   0% ] loading_editor_layout | Loading editor layout...
[  16% ] loading_editor_layout | Loading docks...
[  33% ] loading_editor_layout | Reopening scenes...
WARNING: res://scenes/player/player_character.tscn:3 - ext_resource, invalid UID: uid://dyoq5pgoyorig - using text path instead: res://runtime/player/player_controller.gd
   at: load (scene/resources/resource_format_text.cpp:500)
WARNING: res://scenes/player/player_character.tscn:3 - ext_resource, invalid UID: uid://dyoq5pgoyorig - using text path instead: res://runtime/player/player_controller.gd
   at: load (scene/resources/resource_format_text.cpp:500)
[  50% ] loading_editor_layout | Loading central editor layout...
[  66% ] loading_editor_layout | Loading plugin window layout...
[  83% ] loading_editor_layout | Editor layout ready.
[ DONE ] loading_editor_layout

ERROR: Cannot save file 'C:/Users/ixro1/AppData/Roaming/Godot/editor_settings-4.6.tres'.
   at: save (scene/resources/resource_format_text.cpp:1756)
ERROR: Error saving editor settings to C:/Users/ixro1/AppData/Roaming/Godot/editor_settings-4.6.tres
   at: save (editor/settings/editor_settings.cpp:1404)
