Godot Engine v4.6.1.stable.official.14d19694e - https://godotengine.org

SCRIPT ERROR: Parse Error: Too many arguments for "minf()" call. Expected at most 2 but received 3.
   at: GDScript::reload (res://runtime/player/player_humanoid_rig.gd:145)
ERROR: Failed to load script "res://runtime/player/player_humanoid_rig.gd" with error "Parse error".
   at: load (modules/gdscript/gdscript.cpp:2907)
ERROR: Failed to read the root certificate store.
   at: get_system_ca_certificates (platform/windows/os_windows.cpp:2570)
SCRIPT ERROR: Invalid call. Nonexistent function 'get_right_hand_item_anchor' in base 'Node3D'.
   at: PlayerController3D._get_hand_anchor (res://runtime/player/player_controller.gd:456)
   GDScript backtrace (most recent call first):
       [0] _get_hand_anchor (res://runtime/player/player_controller.gd:456)
       [1] _get_equipped_visual_anchor (res://runtime/player/player_controller.gd:463)
       [2] _sync_equipped_slot_visual (res://runtime/player/player_controller.gd:437)
       [3] _sync_equipped_test_meshes (res://runtime/player/player_controller.gd:419)
       [4] _ready (res://runtime/player/player_controller.gd:73)
       [5] _run_verification (res://tools/verify_player_grip_hold_layout.gd:14)
SCRIPT ERROR: Invalid call. Nonexistent function 'get_left_hand_item_anchor' in base 'Node3D'.
   at: PlayerController3D._get_hand_anchor (res://runtime/player/player_controller.gd:458)
   GDScript backtrace (most recent call first):
       [0] _get_hand_anchor (res://runtime/player/player_controller.gd:458)
       [1] _get_equipped_visual_anchor (res://runtime/player/player_controller.gd:463)
       [2] _sync_equipped_slot_visual (res://runtime/player/player_controller.gd:437)
       [3] _sync_equipped_test_meshes (res://runtime/player/player_controller.gd:420)
       [4] _ready (res://runtime/player/player_controller.gd:73)
       [5] _run_verification (res://tools/verify_player_grip_hold_layout.gd:14)
SCRIPT ERROR: Invalid call. Nonexistent function 'update_locomotion_state' in base 'Node3D'.
   at: PlayerController3D._sync_humanoid_locomotion (res://runtime/player/player_controller.gd:593)
   GDScript backtrace (most recent call first):
       [0] _sync_humanoid_locomotion (res://runtime/player/player_controller.gd:593)
       [1] _physics_process (res://runtime/player/player_controller.gd:148)
SCRIPT ERROR: Invalid call. Nonexistent function 'update_locomotion_state' in base 'Node3D'.
   at: PlayerController3D._sync_humanoid_locomotion (res://runtime/player/player_controller.gd:593)
   GDScript backtrace (most recent call first):
       [0] _sync_humanoid_locomotion (res://runtime/player/player_controller.gd:593)
       [1] _physics_process (res://runtime/player/player_controller.gd:148)
SCRIPT ERROR: Invalid call. Nonexistent function 'update_locomotion_state' in base 'Node3D'.
   at: PlayerController3D._sync_humanoid_locomotion (res://runtime/player/player_controller.gd:593)
   GDScript backtrace (most recent call first):
       [0] _sync_humanoid_locomotion (res://runtime/player/player_controller.gd:593)
       [1] _physics_process (res://runtime/player/player_controller.gd:148)
SCRIPT ERROR: Invalid call. Nonexistent function 'update_locomotion_state' in base 'Node3D'.
   at: PlayerController3D._sync_humanoid_locomotion (res://runtime/player/player_controller.gd:593)
   GDScript backtrace (most recent call first):
       [0] _sync_humanoid_locomotion (res://runtime/player/player_controller.gd:593)
       [1] _physics_process (res://runtime/player/player_controller.gd:148)
SCRIPT ERROR: Invalid call. Nonexistent function 'update_locomotion_state' in base 'Node3D'.
   at: PlayerController3D._sync_humanoid_locomotion (res://runtime/player/player_controller.gd:593)
   GDScript backtrace (most recent call first):
       [0] _sync_humanoid_locomotion (res://runtime/player/player_controller.gd:593)
       [1] _physics_process (res://runtime/player/player_controller.gd:148)
SCRIPT ERROR: Invalid call. Nonexistent function 'update_locomotion_state' in base 'Node3D'.
   at: PlayerController3D._sync_humanoid_locomotion (res://runtime/player/player_controller.gd:593)
   GDScript backtrace (most recent call first):
       [0] _sync_humanoid_locomotion (res://runtime/player/player_controller.gd:593)
       [1] _physics_process (res://runtime/player/player_controller.gd:148)
SCRIPT ERROR: Invalid call. Nonexistent function 'update_locomotion_state' in base 'Node3D'.
   at: PlayerController3D._sync_humanoid_locomotion (res://runtime/player/player_controller.gd:593)
   GDScript backtrace (most recent call first):
       [0] _sync_humanoid_locomotion (res://runtime/player/player_controller.gd:593)
       [1] _physics_process (res://runtime/player/player_controller.gd:148)
SCRIPT ERROR: Invalid call. Nonexistent function 'update_locomotion_state' in base 'Node3D'.
   at: PlayerController3D._sync_humanoid_locomotion (res://runtime/player/player_controller.gd:593)
   GDScript backtrace (most recent call first):
       [0] _sync_humanoid_locomotion (res://runtime/player/player_controller.gd:593)
       [1] _physics_process (res://runtime/player/player_controller.gd:148)
SCRIPT ERROR: Invalid call. Nonexistent function 'update_locomotion_state' in base 'Node3D'.
   at: PlayerController3D._sync_humanoid_locomotion (res://runtime/player/player_controller.gd:593)
   GDScript backtrace (most recent call first):
       [0] _sync_humanoid_locomotion (res://runtime/player/player_controller.gd:593)
       [1] _physics_process (res://runtime/player/player_controller.gd:148)
SCRIPT ERROR: Invalid call. Nonexistent function 'update_locomotion_state' in base 'Node3D'.
   at: PlayerController3D._sync_humanoid_locomotion (res://runtime/player/player_controller.gd:593)
   GDScript backtrace (most recent call first):
       [0] _sync_humanoid_locomotion (res://runtime/player/player_controller.gd:593)
       [1] _physics_process (res://runtime/player/player_controller.gd:148)
SCRIPT ERROR: Invalid call. Nonexistent function 'update_locomotion_state' in base 'Node3D'.
   at: PlayerController3D._sync_humanoid_locomotion (res://runtime/player/player_controller.gd:593)
   GDScript backtrace (most recent call first):
       [0] _sync_humanoid_locomotion (res://runtime/player/player_controller.gd:593)
       [1] _physics_process (res://runtime/player/player_controller.gd:148)
SCRIPT ERROR: Invalid call. Nonexistent function 'update_locomotion_state' in base 'Node3D'.
   at: PlayerController3D._sync_humanoid_locomotion (res://runtime/player/player_controller.gd:593)
   GDScript backtrace (most recent call first):
       [0] _sync_humanoid_locomotion (res://runtime/player/player_controller.gd:593)
       [1] _physics_process (res://runtime/player/player_controller.gd:148)
SCRIPT ERROR: Invalid call. Nonexistent function 'update_locomotion_state' in base 'Node3D'.
   at: PlayerController3D._sync_humanoid_locomotion (res://runtime/player/player_controller.gd:593)
   GDScript backtrace (most recent call first):
       [0] _sync_humanoid_locomotion (res://runtime/player/player_controller.gd:593)
       [1] _physics_process (res://runtime/player/player_controller.gd:148)
SCRIPT ERROR: Invalid call. Nonexistent function 'update_locomotion_state' in base 'Node3D'.
   at: PlayerController3D._sync_humanoid_locomotion (res://runtime/player/player_controller.gd:593)
   GDScript backtrace (most recent call first):
       [0] _sync_humanoid_locomotion (res://runtime/player/player_controller.gd:593)
       [1] _physics_process (res://runtime/player/player_controller.gd:148)
SCRIPT ERROR: Invalid call. Nonexistent function 'update_locomotion_state' in base 'Node3D'.
   at: PlayerController3D._sync_humanoid_locomotion (res://runtime/player/player_controller.gd:593)
   GDScript backtrace (most recent call first):
       [0] _sync_humanoid_locomotion (res://runtime/player/player_controller.gd:593)
       [1] _physics_process (res://runtime/player/player_controller.gd:148)
ForgeService baked profile
  total_mass=240.0
  center_of_mass=(69.5, 25.0, 18.5)
  reach=39.5158195495605
  front_heavy_score=0.0
  balance_score=1.0
  edge_score=0.0
  blunt_score=0.0
  pierce_score=0.0
  guard_score=0.0
  flex_score=1.0
  launch_score=0.0
  resolved_material_stat_line_count=5
  resolved_capability_bias_line_count=6
  capability_scores={ &"cap_edge": 0.0, &"cap_blunt": 0.0, &"cap_pierce": 0.0, &"cap_guard": 0.0, &"cap_flex": 1.0, &"cap_launch": 1.0, &"cap_stability": 1.0, &"cap_reach": 1.0 }
ForgeService baked profile
  total_mass=1476.0
  center_of_mass=(92.86585, 25.0, 18.5)
  reach=59.0105934143066
  front_heavy_score=0.06551115879848
  balance_score=0.93448884120152
  edge_score=0.0
  blunt_score=0.70588235294118
  pierce_score=0.0
  guard_score=0.70588235294118
  flex_score=0.0
  launch_score=0.0
  resolved_material_stat_line_count=10
  resolved_capability_bias_line_count=12
  capability_scores={ &"cap_edge": 1.0, &"cap_blunt": 1.0, &"cap_pierce": 0.0, &"cap_guard": 1.0, &"cap_flex": 1.0, &"cap_launch": 1.0, &"cap_stability": 1.0, &"cap_reach": 1.0 }
