Godot Engine v4.6.1.stable.official.14d19694e - https://godotengine.org

ERROR: Failed to read the root certificate store.
   at: get_system_ca_certificates (platform/windows/os_windows.cpp:2570)
ForgeService baked profile
  total_mass=66.0
  center_of_mass=(50.5, 25.0, 18.5)
  reach=10.5593557357788
  front_heavy_score=0.0
  balance_score=1.0
  edge_score=0.0
  blunt_score=0.0
  pierce_score=0.0
  guard_score=0.0
  flex_score=1.0
  launch_score=0.0
  resolved_material_stat_line_count=5
  resolved_capability_bias_line_count=6
  capability_scores={ &"cap_edge": 0.0, &"cap_blunt": 0.0, &"cap_pierce": 0.0, &"cap_guard": 0.0, &"cap_flex": 1.0, &"cap_launch": 1.0, &"cap_stability": 1.0, &"cap_reach": 1.0 }
ForgeService baked profile
  total_mass=718.5
  center_of_mass=(57.3737, 25.0, 18.97495)
  reach=13.5738716125488
  front_heavy_score=0.46955618525541
  balance_score=0.52914196743453
  edge_score=0.0
  blunt_score=0.86337760910816
  pierce_score=0.0
  guard_score=0.86337760910816
  flex_score=0.0
  launch_score=0.0
  resolved_material_stat_line_count=10
  resolved_capability_bias_line_count=12
  capability_scores={ &"cap_edge": 1.0, &"cap_blunt": 1.0, &"cap_pierce": 0.0, &"cap_guard": 1.0, &"cap_flex": 1.0, &"cap_launch": 1.0, &"cap_stability": 1.0, &"cap_reach": 1.0 }
