Godot Engine v4.6.1.stable.official.14d19694e - https://godotengine.org

ERROR: Cannot save file 'user://inventory/verify_player_body_inventory_state.tres'.
   at: save (scene/resources/resource_format_text.cpp:1756)
   GDScript backtrace (most recent call first):
       [0] persist (res://core/models/player_body_inventory_state.gd:74)
       [1] _init (res://tools/verify_inventory_storage_authority.gd:24)
ERROR: Cannot save file 'C:/Users/ixro1/AppData/Roaming/Godot/app_userdata/The Will-Gamefiles/inventory/verify_player_body_inventory_state.tres'.
   at: save (scene/resources/resource_format_text.cpp:1756)
   GDScript backtrace (most recent call first):
       [0] persist (res://core/models/player_body_inventory_state.gd:77)
       [1] _init (res://tools/verify_inventory_storage_authority.gd:24)
ERROR: Cannot save file 'user://storage/verify_player_personal_storage_state.tres'.
   at: save (scene/resources/resource_format_text.cpp:1756)
   GDScript backtrace (most recent call first):
       [0] persist (res://core/models/player_personal_storage_state.gd:66)
       [1] _init (res://tools/verify_inventory_storage_authority.gd:28)
ERROR: Cannot save file 'C:/Users/ixro1/AppData/Roaming/Godot/app_userdata/The Will-Gamefiles/storage/verify_player_personal_storage_state.tres'.
   at: save (scene/resources/resource_format_text.cpp:1756)
   GDScript backtrace (most recent call first):
       [0] persist (res://core/models/player_personal_storage_state.gd:69)
       [1] _init (res://tools/verify_inventory_storage_authority.gd:28)
ERROR: Cannot save file 'user://inventory/verify_player_body_inventory_state.tres'.
   at: save (scene/resources/resource_format_text.cpp:1756)
   GDScript backtrace (most recent call first):
       [0] persist (res://core/models/player_body_inventory_state.gd:74)
       [1] add_item (res://core/models/player_body_inventory_state.gd:52)
       [2] _init (res://tools/verify_inventory_storage_authority.gd:32)
ERROR: Cannot save file 'C:/Users/ixro1/AppData/Roaming/Godot/app_userdata/The Will-Gamefiles/inventory/verify_player_body_inventory_state.tres'.
   at: save (scene/resources/resource_format_text.cpp:1756)
   GDScript backtrace (most recent call first):
       [0] persist (res://core/models/player_body_inventory_state.gd:77)
       [1] add_item (res://core/models/player_body_inventory_state.gd:52)
       [2] _init (res://tools/verify_inventory_storage_authority.gd:32)
ERROR: Cannot save file 'user://inventory/verify_player_body_inventory_state.tres'.
   at: save (scene/resources/resource_format_text.cpp:1756)
   GDScript backtrace (most recent call first):
       [0] persist (res://core/models/player_body_inventory_state.gd:74)
       [1] add_item (res://core/models/player_body_inventory_state.gd:52)
       [2] _init (res://tools/verify_inventory_storage_authority.gd:33)
ERROR: Cannot save file 'C:/Users/ixro1/AppData/Roaming/Godot/app_userdata/The Will-Gamefiles/inventory/verify_player_body_inventory_state.tres'.
   at: save (scene/resources/resource_format_text.cpp:1756)
   GDScript backtrace (most recent call first):
       [0] persist (res://core/models/player_body_inventory_state.gd:77)
       [1] add_item (res://core/models/player_body_inventory_state.gd:52)
       [2] _init (res://tools/verify_inventory_storage_authority.gd:33)
ERROR: Cannot save file 'user://inventory/verify_player_body_inventory_state.tres'.
   at: save (scene/resources/resource_format_text.cpp:1756)
   GDScript backtrace (most recent call first):
       [0] persist (res://core/models/player_body_inventory_state.gd:74)
       [1] take_item (res://core/models/player_body_inventory_state.gd:69)
       [2] transfer_item (res://services/inventory_storage_service.gd:9)
       [3] _init (res://tools/verify_inventory_storage_authority.gd:36)
ERROR: Cannot save file 'C:/Users/ixro1/AppData/Roaming/Godot/app_userdata/The Will-Gamefiles/inventory/verify_player_body_inventory_state.tres'.
   at: save (scene/resources/resource_format_text.cpp:1756)
   GDScript backtrace (most recent call first):
       [0] persist (res://core/models/player_body_inventory_state.gd:77)
       [1] take_item (res://core/models/player_body_inventory_state.gd:69)
       [2] transfer_item (res://services/inventory_storage_service.gd:9)
       [3] _init (res://tools/verify_inventory_storage_authority.gd:36)
ERROR: Cannot save file 'user://storage/verify_player_personal_storage_state.tres'.
   at: save (scene/resources/resource_format_text.cpp:1756)
   GDScript backtrace (most recent call first):
       [0] persist (res://core/models/player_personal_storage_state.gd:66)
       [1] add_item (res://core/models/player_personal_storage_state.gd:44)
       [2] transfer_item (res://services/inventory_storage_service.gd:12)
       [3] _init (res://tools/verify_inventory_storage_authority.gd:36)
ERROR: Cannot save file 'C:/Users/ixro1/AppData/Roaming/Godot/app_userdata/The Will-Gamefiles/storage/verify_player_personal_storage_state.tres'.
   at: save (scene/resources/resource_format_text.cpp:1756)
   GDScript backtrace (most recent call first):
       [0] persist (res://core/models/player_personal_storage_state.gd:69)
       [1] add_item (res://core/models/player_personal_storage_state.gd:44)
       [2] transfer_item (res://services/inventory_storage_service.gd:12)
       [3] _init (res://tools/verify_inventory_storage_authority.gd:36)
ERROR: Cannot save file 'user://inventory/verify_player_body_inventory_state.tres'.
   at: save (scene/resources/resource_format_text.cpp:1756)
   GDScript backtrace (most recent call first):
       [0] persist (res://core/models/player_body_inventory_state.gd:74)
       [1] take_item (res://core/models/player_body_inventory_state.gd:69)
       [2] transfer_item (res://services/inventory_storage_service.gd:9)
       [3] _init (res://tools/verify_inventory_storage_authority.gd:43)
ERROR: Cannot save file 'C:/Users/ixro1/AppData/Roaming/Godot/app_userdata/The Will-Gamefiles/inventory/verify_player_body_inventory_state.tres'.
   at: save (scene/resources/resource_format_text.cpp:1756)
   GDScript backtrace (most recent call first):
       [0] persist (res://core/models/player_body_inventory_state.gd:77)
       [1] take_item (res://core/models/player_body_inventory_state.gd:69)
       [2] transfer_item (res://services/inventory_storage_service.gd:9)
       [3] _init (res://tools/verify_inventory_storage_authority.gd:43)
ERROR: Cannot save file 'user://storage/verify_player_personal_storage_state.tres'.
   at: save (scene/resources/resource_format_text.cpp:1756)
   GDScript backtrace (most recent call first):
       [0] persist (res://core/models/player_personal_storage_state.gd:66)
       [1] add_item (res://core/models/player_personal_storage_state.gd:44)
       [2] transfer_item (res://services/inventory_storage_service.gd:12)
       [3] _init (res://tools/verify_inventory_storage_authority.gd:43)
ERROR: Cannot save file 'C:/Users/ixro1/AppData/Roaming/Godot/app_userdata/The Will-Gamefiles/storage/verify_player_personal_storage_state.tres'.
   at: save (scene/resources/resource_format_text.cpp:1756)
   GDScript backtrace (most recent call first):
       [0] persist (res://core/models/player_personal_storage_state.gd:69)
       [1] add_item (res://core/models/player_personal_storage_state.gd:44)
       [2] transfer_item (res://services/inventory_storage_service.gd:12)
       [3] _init (res://tools/verify_inventory_storage_authority.gd:43)
ERROR: Failed to read the root certificate store.
   at: get_system_ca_certificates (platform/windows/os_windows.cpp:2570)
