Godot Engine v4.6.1.stable.official.14d19694e - https://godotengine.org

ForgeService baked profile
  total_mass=0.5
  center_of_mass=(0.0, 0.0, 20.0)
  reach=0.0
  front_heavy_score=0.0
  balance_score=0.0
  edge_score=0.0
  blunt_score=0.0
  pierce_score=0.0
  guard_score=0.0
  flex_score=0.0
  launch_score=0.0
  resolved_material_stat_line_count=5
  resolved_capability_bias_line_count=6
  capability_scores={ &"cap_edge": 0.0, &"cap_blunt": 0.0, &"cap_pierce": 0.0, &"cap_guard": 0.0, &"cap_flex": 0.6, &"cap_launch": 0.2, &"cap_stability": 0.0, &"cap_reach": 0.0 }
ForgeService baked profile
  total_mass=0.5
  center_of_mass=(0.0, 0.0, 20.0)
  reach=0.0
  front_heavy_score=0.0
  balance_score=0.0
  edge_score=0.0
  blunt_score=0.0
  pierce_score=0.0
  guard_score=0.0
  flex_score=0.0
  launch_score=0.0
  resolved_material_stat_line_count=5
  resolved_capability_bias_line_count=6
  capability_scores={ &"cap_edge": 0.0, &"cap_blunt": 0.0, &"cap_pierce": 0.0, &"cap_guard": 0.0, &"cap_flex": 0.612, &"cap_launch": 0.204, &"cap_stability": 0.0, &"cap_reach": 0.0 }
ERROR: Failed to read the root certificate store.
   at: get_system_ca_certificates (platform/windows/os_windows.cpp:2570)
