Godot Engine v4.6.1.stable.official.14d19694e - https://godotengine.org

ERROR: Failed to read the root certificate store.
   at: get_system_ca_certificates (platform/windows/os_windows.cpp:2570)
ERROR: Cannot save file 'user://forge/player_wip_library_state.tres'.
   at: save (scene/resources/resource_format_text.cpp:1756)
   GDScript backtrace (most recent call first):
       [0] persist_resource (res://core/models/persistent_resource_state_io.gd:24)
       [1] persist (res://core/models/player_forge_wip_library_state.gd:98)
       [2] set_selected_wip_id (res://core/models/player_forge_wip_library_state.gd:95)
       [3] select_saved_wip (res://runtime/combat/combat_animation_station_ui.gd:164)
       [4] _select_initial_wip (res://runtime/combat/combat_animation_station_ui.gd:496)
       [5] open_for (res://runtime/combat/combat_animation_station_ui.gd:134)
       [6] toggle_for (res://runtime/combat/combat_animation_station_ui.gd:122)
       [7] interact (res://runtime/combat/combat_animation_station.gd:16)
       [8] _run_verification (res://tools/verify_disassembly_world_load.gd:24)
ERROR: Cannot save file 'C:/Users/ixro1/AppData/Roaming/Godot/app_userdata/The Will-Gamefiles/forge/player_wip_library_state.tres'.
   at: save (scene/resources/resource_format_text.cpp:1756)
   GDScript backtrace (most recent call first):
       [0] persist_resource (res://core/models/persistent_resource_state_io.gd:27)
       [1] persist (res://core/models/player_forge_wip_library_state.gd:98)
       [2] set_selected_wip_id (res://core/models/player_forge_wip_library_state.gd:95)
       [3] select_saved_wip (res://runtime/combat/combat_animation_station_ui.gd:164)
       [4] _select_initial_wip (res://runtime/combat/combat_animation_station_ui.gd:496)
       [5] open_for (res://runtime/combat/combat_animation_station_ui.gd:134)
       [6] toggle_for (res://runtime/combat/combat_animation_station_ui.gd:122)
       [7] interact (res://runtime/combat/combat_animation_station.gd:16)
       [8] _run_verification (res://tools/verify_disassembly_world_load.gd:24)
