Godot Engine v4.6.1.stable.official.14d19694e - https://godotengine.org

ERROR: Failed to read the root certificate store.
   at: get_system_ca_certificates (platform/windows/os_windows.cpp:2570)
SCRIPT ERROR: Trying to assign an array of type "Array" to a variable of type "Array[Dictionary]".
   at: AnchorResolver._build_primary_grip_spans (res://core/resolvers/anchor_resolver.gd:136)
   GDScript backtrace (most recent call first):
       [0] _build_primary_grip_spans (res://core/resolvers/anchor_resolver.gd:136)
       [1] detect_primary_grip_candidates (res://core/resolvers/anchor_resolver.gd:21)
       [2] resolve_anchors (res://core/resolvers/anchor_resolver.gd:14)
       [3] build_anchors (res://services/forge_service.gd:155)
       [4] bake_wip (res://services/forge_service.gd:58)
       [5] _run_verification (res://tools/verify_primary_grip_clearance_and_drift.gd:30)
SCRIPT ERROR: Trying to assign an array of type "Array" to a variable of type "Array[Dictionary]".
   at: AnchorResolver._build_primary_grip_spans (res://core/resolvers/anchor_resolver.gd:136)
   GDScript backtrace (most recent call first):
       [0] _build_primary_grip_spans (res://core/resolvers/anchor_resolver.gd:136)
       [1] detect_primary_grip_candidates (res://core/resolvers/anchor_resolver.gd:21)
       [2] resolve_anchors (res://core/resolvers/anchor_resolver.gd:14)
       [3] build_anchors (res://services/forge_service.gd:155)
       [4] build_bow_data (res://services/forge_service.gd:192)
       [5] bake_wip (res://services/forge_service.gd:60)
       [6] _run_verification (res://tools/verify_primary_grip_clearance_and_drift.gd:30)
SCRIPT ERROR: Trying to assign an array of type "Array" to a variable of type "Array[Dictionary]".
   at: AnchorResolver._build_primary_grip_spans (res://core/resolvers/anchor_resolver.gd:136)
   GDScript backtrace (most recent call first):
       [0] _build_primary_grip_spans (res://core/resolvers/anchor_resolver.gd:136)
       [1] detect_primary_grip_candidates (res://core/resolvers/anchor_resolver.gd:21)
       [2] resolve_anchors (res://core/resolvers/anchor_resolver.gd:14)
       [3] build_anchors (res://services/forge_service.gd:155)
       [4] bake_wip (res://services/forge_service.gd:58)
       [5] _run_verification (res://tools/verify_primary_grip_clearance_and_drift.gd:43)
SCRIPT ERROR: Trying to assign an array of type "Array" to a variable of type "Array[Dictionary]".
   at: AnchorResolver._build_primary_grip_spans (res://core/resolvers/anchor_resolver.gd:136)
   GDScript backtrace (most recent call first):
       [0] _build_primary_grip_spans (res://core/resolvers/anchor_resolver.gd:136)
       [1] detect_primary_grip_candidates (res://core/resolvers/anchor_resolver.gd:21)
       [2] resolve_anchors (res://core/resolvers/anchor_resolver.gd:14)
       [3] build_anchors (res://services/forge_service.gd:155)
       [4] build_bow_data (res://services/forge_service.gd:192)
       [5] bake_wip (res://services/forge_service.gd:60)
       [6] _run_verification (res://tools/verify_primary_grip_clearance_and_drift.gd:43)
SCRIPT ERROR: Trying to assign an array of type "Array" to a variable of type "Array[Dictionary]".
   at: AnchorResolver._build_primary_grip_spans (res://core/resolvers/anchor_resolver.gd:136)
   GDScript backtrace (most recent call first):
       [0] _build_primary_grip_spans (res://core/resolvers/anchor_resolver.gd:136)
       [1] detect_primary_grip_candidates (res://core/resolvers/anchor_resolver.gd:21)
       [2] resolve_anchors (res://core/resolvers/anchor_resolver.gd:14)
       [3] build_anchors (res://services/forge_service.gd:155)
       [4] bake_wip (res://services/forge_service.gd:58)
       [5] _run_verification (res://tools/verify_primary_grip_clearance_and_drift.gd:55)
SCRIPT ERROR: Trying to assign an array of type "Array" to a variable of type "Array[Dictionary]".
   at: AnchorResolver._build_primary_grip_spans (res://core/resolvers/anchor_resolver.gd:136)
   GDScript backtrace (most recent call first):
       [0] _build_primary_grip_spans (res://core/resolvers/anchor_resolver.gd:136)
       [1] detect_primary_grip_candidates (res://core/resolvers/anchor_resolver.gd:21)
       [2] resolve_anchors (res://core/resolvers/anchor_resolver.gd:14)
       [3] build_anchors (res://services/forge_service.gd:155)
       [4] build_bow_data (res://services/forge_service.gd:192)
       [5] bake_wip (res://services/forge_service.gd:60)
       [6] _run_verification (res://tools/verify_primary_grip_clearance_and_drift.gd:55)
SCRIPT ERROR: Trying to assign an array of type "Array" to a variable of type "Array[Dictionary]".
   at: AnchorResolver._build_primary_grip_spans (res://core/resolvers/anchor_resolver.gd:136)
   GDScript backtrace (most recent call first):
       [0] _build_primary_grip_spans (res://core/resolvers/anchor_resolver.gd:136)
       [1] detect_primary_grip_candidates (res://core/resolvers/anchor_resolver.gd:21)
       [2] resolve_anchors (res://core/resolvers/anchor_resolver.gd:14)
       [3] build_anchors (res://services/forge_service.gd:155)
       [4] bake_wip (res://services/forge_service.gd:58)
       [5] _run_verification (res://tools/verify_primary_grip_clearance_and_drift.gd:67)
SCRIPT ERROR: Trying to assign an array of type "Array" to a variable of type "Array[Dictionary]".
   at: AnchorResolver._build_primary_grip_spans (res://core/resolvers/anchor_resolver.gd:136)
   GDScript backtrace (most recent call first):
       [0] _build_primary_grip_spans (res://core/resolvers/anchor_resolver.gd:136)
       [1] detect_primary_grip_candidates (res://core/resolvers/anchor_resolver.gd:21)
       [2] resolve_anchors (res://core/resolvers/anchor_resolver.gd:14)
       [3] build_anchors (res://services/forge_service.gd:155)
       [4] build_bow_data (res://services/forge_service.gd:192)
       [5] bake_wip (res://services/forge_service.gd:60)
       [6] _run_verification (res://tools/verify_primary_grip_clearance_and_drift.gd:67)
SCRIPT ERROR: Trying to assign an array of type "Array" to a variable of type "Array[Dictionary]".
   at: AnchorResolver._build_primary_grip_spans (res://core/resolvers/anchor_resolver.gd:136)
   GDScript backtrace (most recent call first):
       [0] _build_primary_grip_spans (res://core/resolvers/anchor_resolver.gd:136)
       [1] detect_primary_grip_candidates (res://core/resolvers/anchor_resolver.gd:21)
       [2] resolve_anchors (res://core/resolvers/anchor_resolver.gd:14)
       [3] build_anchors (res://services/forge_service.gd:155)
       [4] bake_wip (res://services/forge_service.gd:58)
       [5] _run_verification (res://tools/verify_primary_grip_clearance_and_drift.gd:76)
SCRIPT ERROR: Trying to assign an array of type "Array" to a variable of type "Array[Dictionary]".
   at: AnchorResolver._build_primary_grip_spans (res://core/resolvers/anchor_resolver.gd:136)
   GDScript backtrace (most recent call first):
       [0] _build_primary_grip_spans (res://core/resolvers/anchor_resolver.gd:136)
       [1] detect_primary_grip_candidates (res://core/resolvers/anchor_resolver.gd:21)
       [2] resolve_anchors (res://core/resolvers/anchor_resolver.gd:14)
       [3] build_anchors (res://services/forge_service.gd:155)
       [4] bake_wip (res://services/forge_service.gd:58)
       [5] _run_verification (res://tools/verify_primary_grip_clearance_and_drift.gd:76)
SCRIPT ERROR: Trying to assign an array of type "Array" to a variable of type "Array[Dictionary]".
   at: AnchorResolver._build_primary_grip_spans (res://core/resolvers/anchor_resolver.gd:136)
   GDScript backtrace (most recent call first):
       [0] _build_primary_grip_spans (res://core/resolvers/anchor_resolver.gd:136)
       [1] detect_primary_grip_candidates (res://core/resolvers/anchor_resolver.gd:21)
       [2] resolve_anchors (res://core/resolvers/anchor_resolver.gd:14)
       [3] build_anchors (res://services/forge_service.gd:155)
       [4] build_bow_data (res://services/forge_service.gd:192)
       [5] bake_wip (res://services/forge_service.gd:60)
       [6] _run_verification (res://tools/verify_primary_grip_clearance_and_drift.gd:76)
SCRIPT ERROR: Trying to assign an array of type "Array" to a variable of type "Array[Dictionary]".
   at: AnchorResolver._build_primary_grip_spans (res://core/resolvers/anchor_resolver.gd:136)
   GDScript backtrace (most recent call first):
       [0] _build_primary_grip_spans (res://core/resolvers/anchor_resolver.gd:136)
       [1] detect_primary_grip_candidates (res://core/resolvers/anchor_resolver.gd:21)
       [2] resolve_anchors (res://core/resolvers/anchor_resolver.gd:14)
       [3] build_anchors (res://services/forge_service.gd:155)
       [4] build_bow_data (res://services/forge_service.gd:192)
       [5] bake_wip (res://services/forge_service.gd:60)
       [6] _run_verification (res://tools/verify_primary_grip_clearance_and_drift.gd:76)
SCRIPT ERROR: Trying to assign an array of type "Array" to a variable of type "Array[Dictionary]".
   at: AnchorResolver._build_primary_grip_spans (res://core/resolvers/anchor_resolver.gd:136)
   GDScript backtrace (most recent call first):
       [0] _build_primary_grip_spans (res://core/resolvers/anchor_resolver.gd:136)
       [1] detect_primary_grip_candidates (res://core/resolvers/anchor_resolver.gd:21)
       [2] resolve_anchors (res://core/resolvers/anchor_resolver.gd:14)
       [3] build_anchors (res://services/forge_service.gd:155)
       [4] bake_wip (res://services/forge_service.gd:58)
       [5] _run_verification (res://tools/verify_primary_grip_clearance_and_drift.gd:84)
SCRIPT ERROR: Trying to assign an array of type "Array" to a variable of type "Array[Dictionary]".
   at: AnchorResolver._build_primary_grip_spans (res://core/resolvers/anchor_resolver.gd:136)
   GDScript backtrace (most recent call first):
       [0] _build_primary_grip_spans (res://core/resolvers/anchor_resolver.gd:136)
       [1] detect_primary_grip_candidates (res://core/resolvers/anchor_resolver.gd:21)
       [2] resolve_anchors (res://core/resolvers/anchor_resolver.gd:14)
       [3] build_anchors (res://services/forge_service.gd:155)
       [4] build_bow_data (res://services/forge_service.gd:192)
       [5] bake_wip (res://services/forge_service.gd:60)
       [6] _run_verification (res://tools/verify_primary_grip_clearance_and_drift.gd:84)
