Godot Engine v4.6.1.stable.official.14d19694e - https://godotengine.org

SCRIPT ERROR: Parse Error: Could not resolve external class member "solve_arm_targets".
   at: GDScript::reload (res://runtime/player/player_humanoid_rig.gd:357)
SCRIPT ERROR: Compile Error: Failed to compile depended scripts.
   at: GDScript::reload (res://tools/verify_player_finger_grip_ik.gd:0)
ERROR: Failed to load script "res://tools/verify_player_finger_grip_ik.gd" with error "Compilation failed".
   at: load (modules/gdscript/gdscript.cpp:2907)
ERROR: Failed to read the root certificate store.
   at: get_system_ca_certificates (platform/windows/os_windows.cpp:2570)
SCRIPT ERROR: Invalid call. Nonexistent function 'get_left_hand_item_anchor' in base 'Node3D'.
   at: PlayerEquippedItemPresenter.get_hand_anchor (res://runtime/player/player_equipped_item_presenter.gd:19)
   GDScript backtrace (most recent call first):
       [0] get_hand_anchor (res://runtime/player/player_equipped_item_presenter.gd:19)
       [1] get_equipped_visual_anchor (res://runtime/player/player_equipped_item_presenter.gd:29)
       [2] sync_equipped_slot_visual (res://runtime/player/player_equipped_item_presenter.gd:508)
       [3] sync_equipped_test_meshes (res://runtime/player/player_equipped_item_presenter.gd:468)
       [4] sync_equipped_test_meshes (res://runtime/player/player_forge_test_presenter.gd:110)
       [5] _sync_equipped_test_meshes (res://runtime/player/player_controller.gd:299)
       [6] _ready (res://runtime/player/player_controller.gd:80)
       [7] _run_verification (res://tools/verify_player_finger_grip_ik.gd:17)
SCRIPT ERROR: Invalid call. Nonexistent function 'update_locomotion_state' in base 'Node3D'.
   at: PlayerMotionPresenter.sync_humanoid_locomotion (res://runtime/player/player_motion_presenter.gd:90)
   GDScript backtrace (most recent call first):
       [0] sync_humanoid_locomotion (res://runtime/player/player_motion_presenter.gd:90)
       [1] _sync_humanoid_locomotion (res://runtime/player/player_controller.gd:327)
       [2] _physics_process (res://runtime/player/player_controller.gd:159)
SCRIPT ERROR: Invalid call. Nonexistent function 'update_locomotion_state' in base 'Node3D'.
   at: PlayerMotionPresenter.sync_humanoid_locomotion (res://runtime/player/player_motion_presenter.gd:90)
   GDScript backtrace (most recent call first):
       [0] sync_humanoid_locomotion (res://runtime/player/player_motion_presenter.gd:90)
       [1] _sync_humanoid_locomotion (res://runtime/player/player_controller.gd:327)
       [2] _physics_process (res://runtime/player/player_controller.gd:159)
SCRIPT ERROR: Invalid call. Nonexistent function 'update_locomotion_state' in base 'Node3D'.
   at: PlayerMotionPresenter.sync_humanoid_locomotion (res://runtime/player/player_motion_presenter.gd:90)
   GDScript backtrace (most recent call first):
       [0] sync_humanoid_locomotion (res://runtime/player/player_motion_presenter.gd:90)
       [1] _sync_humanoid_locomotion (res://runtime/player/player_controller.gd:327)
       [2] _physics_process (res://runtime/player/player_controller.gd:159)
SCRIPT ERROR: Invalid call. Nonexistent function 'update_locomotion_state' in base 'Node3D'.
   at: PlayerMotionPresenter.sync_humanoid_locomotion (res://runtime/player/player_motion_presenter.gd:90)
   GDScript backtrace (most recent call first):
       [0] sync_humanoid_locomotion (res://runtime/player/player_motion_presenter.gd:90)
       [1] _sync_humanoid_locomotion (res://runtime/player/player_controller.gd:327)
       [2] _physics_process (res://runtime/player/player_controller.gd:159)
SCRIPT ERROR: Invalid call. Nonexistent function 'update_locomotion_state' in base 'Node3D'.
   at: PlayerMotionPresenter.sync_humanoid_locomotion (res://runtime/player/player_motion_presenter.gd:90)
   GDScript backtrace (most recent call first):
       [0] sync_humanoid_locomotion (res://runtime/player/player_motion_presenter.gd:90)
       [1] _sync_humanoid_locomotion (res://runtime/player/player_controller.gd:327)
       [2] _physics_process (res://runtime/player/player_controller.gd:159)
SCRIPT ERROR: Invalid call. Nonexistent function 'update_locomotion_state' in base 'Node3D'.
   at: PlayerMotionPresenter.sync_humanoid_locomotion (res://runtime/player/player_motion_presenter.gd:90)
   GDScript backtrace (most recent call first):
       [0] sync_humanoid_locomotion (res://runtime/player/player_motion_presenter.gd:90)
       [1] _sync_humanoid_locomotion (res://runtime/player/player_controller.gd:327)
       [2] _physics_process (res://runtime/player/player_controller.gd:159)
SCRIPT ERROR: Invalid call. Nonexistent function 'update_locomotion_state' in base 'Node3D'.
   at: PlayerMotionPresenter.sync_humanoid_locomotion (res://runtime/player/player_motion_presenter.gd:90)
   GDScript backtrace (most recent call first):
       [0] sync_humanoid_locomotion (res://runtime/player/player_motion_presenter.gd:90)
       [1] _sync_humanoid_locomotion (res://runtime/player/player_controller.gd:327)
       [2] _physics_process (res://runtime/player/player_controller.gd:159)
SCRIPT ERROR: Invalid call. Nonexistent function 'update_locomotion_state' in base 'Node3D'.
   at: PlayerMotionPresenter.sync_humanoid_locomotion (res://runtime/player/player_motion_presenter.gd:90)
   GDScript backtrace (most recent call first):
       [0] sync_humanoid_locomotion (res://runtime/player/player_motion_presenter.gd:90)
       [1] _sync_humanoid_locomotion (res://runtime/player/player_controller.gd:327)
       [2] _physics_process (res://runtime/player/player_controller.gd:159)
SCRIPT ERROR: Invalid call. Nonexistent function 'update_locomotion_state' in base 'Node3D'.
   at: PlayerMotionPresenter.sync_humanoid_locomotion (res://runtime/player/player_motion_presenter.gd:90)
   GDScript backtrace (most recent call first):
       [0] sync_humanoid_locomotion (res://runtime/player/player_motion_presenter.gd:90)
       [1] _sync_humanoid_locomotion (res://runtime/player/player_controller.gd:327)
       [2] _physics_process (res://runtime/player/player_controller.gd:159)
SCRIPT ERROR: Invalid call. Nonexistent function 'update_locomotion_state' in base 'Node3D'.
   at: PlayerMotionPresenter.sync_humanoid_locomotion (res://runtime/player/player_motion_presenter.gd:90)
   GDScript backtrace (most recent call first):
       [0] sync_humanoid_locomotion (res://runtime/player/player_motion_presenter.gd:90)
       [1] _sync_humanoid_locomotion (res://runtime/player/player_controller.gd:327)
       [2] _physics_process (res://runtime/player/player_controller.gd:159)
SCRIPT ERROR: Invalid call. Nonexistent function 'update_locomotion_state' in base 'Node3D'.
   at: PlayerMotionPresenter.sync_humanoid_locomotion (res://runtime/player/player_motion_presenter.gd:90)
   GDScript backtrace (most recent call first):
       [0] sync_humanoid_locomotion (res://runtime/player/player_motion_presenter.gd:90)
       [1] _sync_humanoid_locomotion (res://runtime/player/player_controller.gd:327)
       [2] _physics_process (res://runtime/player/player_controller.gd:159)
SCRIPT ERROR: Invalid call. Nonexistent function 'update_locomotion_state' in base 'Node3D'.
   at: PlayerMotionPresenter.sync_humanoid_locomotion (res://runtime/player/player_motion_presenter.gd:90)
   GDScript backtrace (most recent call first):
       [0] sync_humanoid_locomotion (res://runtime/player/player_motion_presenter.gd:90)
       [1] _sync_humanoid_locomotion (res://runtime/player/player_controller.gd:327)
       [2] _physics_process (res://runtime/player/player_controller.gd:159)
SCRIPT ERROR: Invalid call. Nonexistent function 'update_locomotion_state' in base 'Node3D'.
   at: PlayerMotionPresenter.sync_humanoid_locomotion (res://runtime/player/player_motion_presenter.gd:90)
   GDScript backtrace (most recent call first):
       [0] sync_humanoid_locomotion (res://runtime/player/player_motion_presenter.gd:90)
       [1] _sync_humanoid_locomotion (res://runtime/player/player_controller.gd:327)
       [2] _physics_process (res://runtime/player/player_controller.gd:159)
SCRIPT ERROR: Invalid call. Nonexistent function 'update_locomotion_state' in base 'Node3D'.
   at: PlayerMotionPresenter.sync_humanoid_locomotion (res://runtime/player/player_motion_presenter.gd:90)
   GDScript backtrace (most recent call first):
       [0] sync_humanoid_locomotion (res://runtime/player/player_motion_presenter.gd:90)
       [1] _sync_humanoid_locomotion (res://runtime/player/player_controller.gd:327)
       [2] _physics_process (res://runtime/player/player_controller.gd:159)
SCRIPT ERROR: Invalid call. Nonexistent function 'update_locomotion_state' in base 'Node3D'.
   at: PlayerMotionPresenter.sync_humanoid_locomotion (res://runtime/player/player_motion_presenter.gd:90)
   GDScript backtrace (most recent call first):
       [0] sync_humanoid_locomotion (res://runtime/player/player_motion_presenter.gd:90)
       [1] _sync_humanoid_locomotion (res://runtime/player/player_controller.gd:327)
       [2] _physics_process (res://runtime/player/player_controller.gd:159)
SCRIPT ERROR: Invalid call. Nonexistent function 'get_right_hand_item_anchor' in base 'Node3D'.
   at: PlayerEquippedItemPresenter.get_hand_anchor (res://runtime/player/player_equipped_item_presenter.gd:17)
   GDScript backtrace (most recent call first):
       [0] get_hand_anchor (res://runtime/player/player_equipped_item_presenter.gd:17)
       [1] get_equipped_visual_anchor (res://runtime/player/player_equipped_item_presenter.gd:29)
       [2] sync_equipped_slot_visual (res://runtime/player/player_equipped_item_presenter.gd:508)
       [3] sync_equipped_test_meshes (res://runtime/player/player_equipped_item_presenter.gd:455)
       [4] sync_equipped_test_meshes (res://runtime/player/player_forge_test_presenter.gd:110)
       [5] _sync_equipped_test_meshes (res://runtime/player/player_controller.gd:299)
       [6] equip_saved_wip_to_hand (res://runtime/player/player_forge_test_presenter.gd:78)
       [7] equip_saved_wip_to_hand (res://runtime/player/player_controller.gd:268)
       [8] _run_verification (res://tools/verify_player_finger_grip_ik.gd:72)
SCRIPT ERROR: Invalid call. Nonexistent function 'update_locomotion_state' in base 'Node3D'.
   at: PlayerMotionPresenter.sync_humanoid_locomotion (res://runtime/player/player_motion_presenter.gd:90)
   GDScript backtrace (most recent call first):
       [0] sync_humanoid_locomotion (res://runtime/player/player_motion_presenter.gd:90)
       [1] _sync_humanoid_locomotion (res://runtime/player/player_controller.gd:327)
       [2] _physics_process (res://runtime/player/player_controller.gd:159)
SCRIPT ERROR: Invalid call. Nonexistent function 'update_locomotion_state' in base 'Node3D'.
   at: PlayerMotionPresenter.sync_humanoid_locomotion (res://runtime/player/player_motion_presenter.gd:90)
   GDScript backtrace (most recent call first):
       [0] sync_humanoid_locomotion (res://runtime/player/player_motion_presenter.gd:90)
       [1] _sync_humanoid_locomotion (res://runtime/player/player_controller.gd:327)
       [2] _physics_process (res://runtime/player/player_controller.gd:159)
SCRIPT ERROR: Invalid call. Nonexistent function 'update_locomotion_state' in base 'Node3D'.
   at: PlayerMotionPresenter.sync_humanoid_locomotion (res://runtime/player/player_motion_presenter.gd:90)
   GDScript backtrace (most recent call first):
       [0] sync_humanoid_locomotion (res://runtime/player/player_motion_presenter.gd:90)
       [1] _sync_humanoid_locomotion (res://runtime/player/player_controller.gd:327)
       [2] _physics_process (res://runtime/player/player_controller.gd:159)
SCRIPT ERROR: Invalid call. Nonexistent function 'update_locomotion_state' in base 'Node3D'.
   at: PlayerMotionPresenter.sync_humanoid_locomotion (res://runtime/player/player_motion_presenter.gd:90)
   GDScript backtrace (most recent call first):
       [0] sync_humanoid_locomotion (res://runtime/player/player_motion_presenter.gd:90)
       [1] _sync_humanoid_locomotion (res://runtime/player/player_controller.gd:327)
       [2] _physics_process (res://runtime/player/player_controller.gd:159)
SCRIPT ERROR: Invalid call. Nonexistent function 'update_locomotion_state' in base 'Node3D'.
   at: PlayerMotionPresenter.sync_humanoid_locomotion (res://runtime/player/player_motion_presenter.gd:90)
   GDScript backtrace (most recent call first):
       [0] sync_humanoid_locomotion (res://runtime/player/player_motion_presenter.gd:90)
       [1] _sync_humanoid_locomotion (res://runtime/player/player_controller.gd:327)
       [2] _physics_process (res://runtime/player/player_controller.gd:159)
SCRIPT ERROR: Invalid call. Nonexistent function 'update_locomotion_state' in base 'Node3D'.
   at: PlayerMotionPresenter.sync_humanoid_locomotion (res://runtime/player/player_motion_presenter.gd:90)
   GDScript backtrace (most recent call first):
       [0] sync_humanoid_locomotion (res://runtime/player/player_motion_presenter.gd:90)
       [1] _sync_humanoid_locomotion (res://runtime/player/player_controller.gd:327)
       [2] _physics_process (res://runtime/player/player_controller.gd:159)
SCRIPT ERROR: Invalid call. Nonexistent function 'update_locomotion_state' in base 'Node3D'.
   at: PlayerMotionPresenter.sync_humanoid_locomotion (res://runtime/player/player_motion_presenter.gd:90)
   GDScript backtrace (most recent call first):
       [0] sync_humanoid_locomotion (res://runtime/player/player_motion_presenter.gd:90)
       [1] _sync_humanoid_locomotion (res://runtime/player/player_controller.gd:327)
       [2] _physics_process (res://runtime/player/player_controller.gd:159)
SCRIPT ERROR: Invalid call. Nonexistent function 'update_locomotion_state' in base 'Node3D'.
   at: PlayerMotionPresenter.sync_humanoid_locomotion (res://runtime/player/player_motion_presenter.gd:90)
   GDScript backtrace (most recent call first):
       [0] sync_humanoid_locomotion (res://runtime/player/player_motion_presenter.gd:90)
       [1] _sync_humanoid_locomotion (res://runtime/player/player_controller.gd:327)
       [2] _physics_process (res://runtime/player/player_controller.gd:159)
SCRIPT ERROR: Invalid call. Nonexistent function 'update_locomotion_state' in base 'Node3D'.
   at: PlayerMotionPresenter.sync_humanoid_locomotion (res://runtime/player/player_motion_presenter.gd:90)
   GDScript backtrace (most recent call first):
       [0] sync_humanoid_locomotion (res://runtime/player/player_motion_presenter.gd:90)
       [1] _sync_humanoid_locomotion (res://runtime/player/player_controller.gd:327)
       [2] _physics_process (res://runtime/player/player_controller.gd:159)
SCRIPT ERROR: Invalid call. Nonexistent function 'update_locomotion_state' in base 'Node3D'.
   at: PlayerMotionPresenter.sync_humanoid_locomotion (res://runtime/player/player_motion_presenter.gd:90)
   GDScript backtrace (most recent call first):
       [0] sync_humanoid_locomotion (res://runtime/player/player_motion_presenter.gd:90)
       [1] _sync_humanoid_locomotion (res://runtime/player/player_controller.gd:327)
       [2] _physics_process (res://runtime/player/player_controller.gd:159)
SCRIPT ERROR: Invalid call. Nonexistent function 'update_locomotion_state' in base 'Node3D'.
   at: PlayerMotionPresenter.sync_humanoid_locomotion (res://runtime/player/player_motion_presenter.gd:90)
   GDScript backtrace (most recent call first):
       [0] sync_humanoid_locomotion (res://runtime/player/player_motion_presenter.gd:90)
       [1] _sync_humanoid_locomotion (res://runtime/player/player_controller.gd:327)
       [2] _physics_process (res://runtime/player/player_controller.gd:159)
SCRIPT ERROR: Invalid call. Nonexistent function 'update_locomotion_state' in base 'Node3D'.
   at: PlayerMotionPresenter.sync_humanoid_locomotion (res://runtime/player/player_motion_presenter.gd:90)
   GDScript backtrace (most recent call first):
       [0] sync_humanoid_locomotion (res://runtime/player/player_motion_presenter.gd:90)
       [1] _sync_humanoid_locomotion (res://runtime/player/player_controller.gd:327)
       [2] _physics_process (res://runtime/player/player_controller.gd:159)
SCRIPT ERROR: Invalid call. Nonexistent function 'update_locomotion_state' in base 'Node3D'.
   at: PlayerMotionPresenter.sync_humanoid_locomotion (res://runtime/player/player_motion_presenter.gd:90)
   GDScript backtrace (most recent call first):
       [0] sync_humanoid_locomotion (res://runtime/player/player_motion_presenter.gd:90)
       [1] _sync_humanoid_locomotion (res://runtime/player/player_controller.gd:327)
       [2] _physics_process (res://runtime/player/player_controller.gd:159)
SCRIPT ERROR: Invalid call. Nonexistent function 'update_locomotion_state' in base 'Node3D'.
   at: PlayerMotionPresenter.sync_humanoid_locomotion (res://runtime/player/player_motion_presenter.gd:90)
   GDScript backtrace (most recent call first):
       [0] sync_humanoid_locomotion (res://runtime/player/player_motion_presenter.gd:90)
       [1] _sync_humanoid_locomotion (res://runtime/player/player_controller.gd:327)
       [2] _physics_process (res://runtime/player/player_controller.gd:159)
SCRIPT ERROR: Invalid call. Nonexistent function 'update_locomotion_state' in base 'Node3D'.
   at: PlayerMotionPresenter.sync_humanoid_locomotion (res://runtime/player/player_motion_presenter.gd:90)
   GDScript backtrace (most recent call first):
       [0] sync_humanoid_locomotion (res://runtime/player/player_motion_presenter.gd:90)
       [1] _sync_humanoid_locomotion (res://runtime/player/player_controller.gd:327)
       [2] _physics_process (res://runtime/player/player_controller.gd:159)
SCRIPT ERROR: Invalid call. Nonexistent function 'update_locomotion_state' in base 'Node3D'.
   at: PlayerMotionPresenter.sync_humanoid_locomotion (res://runtime/player/player_motion_presenter.gd:90)
   GDScript backtrace (most recent call first):
       [0] sync_humanoid_locomotion (res://runtime/player/player_motion_presenter.gd:90)
       [1] _sync_humanoid_locomotion (res://runtime/player/player_controller.gd:327)
       [2] _physics_process (res://runtime/player/player_controller.gd:159)
SCRIPT ERROR: Invalid call. Nonexistent function 'update_locomotion_state' in base 'Node3D'.
   at: PlayerMotionPresenter.sync_humanoid_locomotion (res://runtime/player/player_motion_presenter.gd:90)
   GDScript backtrace (most recent call first):
       [0] sync_humanoid_locomotion (res://runtime/player/player_motion_presenter.gd:90)
       [1] _sync_humanoid_locomotion (res://runtime/player/player_controller.gd:327)
       [2] _physics_process (res://runtime/player/player_controller.gd:159)
SCRIPT ERROR: Invalid call. Nonexistent function 'update_locomotion_state' in base 'Node3D'.
   at: PlayerMotionPresenter.sync_humanoid_locomotion (res://runtime/player/player_motion_presenter.gd:90)
   GDScript backtrace (most recent call first):
       [0] sync_humanoid_locomotion (res://runtime/player/player_motion_presenter.gd:90)
       [1] _sync_humanoid_locomotion (res://runtime/player/player_controller.gd:327)
       [2] _physics_process (res://runtime/player/player_controller.gd:159)
SCRIPT ERROR: Invalid call. Nonexistent function 'update_locomotion_state' in base 'Node3D'.
   at: PlayerMotionPresenter.sync_humanoid_locomotion (res://runtime/player/player_motion_presenter.gd:90)
   GDScript backtrace (most recent call first):
       [0] sync_humanoid_locomotion (res://runtime/player/player_motion_presenter.gd:90)
       [1] _sync_humanoid_locomotion (res://runtime/player/player_controller.gd:327)
       [2] _physics_process (res://runtime/player/player_controller.gd:159)
SCRIPT ERROR: Invalid call. Nonexistent function 'update_locomotion_state' in base 'Node3D'.
   at: PlayerMotionPresenter.sync_humanoid_locomotion (res://runtime/player/player_motion_presenter.gd:90)
   GDScript backtrace (most recent call first):
       [0] sync_humanoid_locomotion (res://runtime/player/player_motion_presenter.gd:90)
       [1] _sync_humanoid_locomotion (res://runtime/player/player_controller.gd:327)
       [2] _physics_process (res://runtime/player/player_controller.gd:159)
SCRIPT ERROR: Invalid call. Nonexistent function 'update_locomotion_state' in base 'Node3D'.
   at: PlayerMotionPresenter.sync_humanoid_locomotion (res://runtime/player/player_motion_presenter.gd:90)
   GDScript backtrace (most recent call first):
       [0] sync_humanoid_locomotion (res://runtime/player/player_motion_presenter.gd:90)
       [1] _sync_humanoid_locomotion (res://runtime/player/player_controller.gd:327)
       [2] _physics_process (res://runtime/player/player_controller.gd:159)
SCRIPT ERROR: Invalid call. Nonexistent function 'update_locomotion_state' in base 'Node3D'.
   at: PlayerMotionPresenter.sync_humanoid_locomotion (res://runtime/player/player_motion_presenter.gd:90)
   GDScript backtrace (most recent call first):
       [0] sync_humanoid_locomotion (res://runtime/player/player_motion_presenter.gd:90)
       [1] _sync_humanoid_locomotion (res://runtime/player/player_controller.gd:327)
       [2] _physics_process (res://runtime/player/player_controller.gd:159)
SCRIPT ERROR: Invalid call. Nonexistent function 'update_locomotion_state' in base 'Node3D'.
   at: PlayerMotionPresenter.sync_humanoid_locomotion (res://runtime/player/player_motion_presenter.gd:90)
   GDScript backtrace (most recent call first):
       [0] sync_humanoid_locomotion (res://runtime/player/player_motion_presenter.gd:90)
       [1] _sync_humanoid_locomotion (res://runtime/player/player_controller.gd:327)
       [2] _physics_process (res://runtime/player/player_controller.gd:159)
SCRIPT ERROR: Invalid call. Nonexistent function 'update_locomotion_state' in base 'Node3D'.
   at: PlayerMotionPresenter.sync_humanoid_locomotion (res://runtime/player/player_motion_presenter.gd:90)
   GDScript backtrace (most recent call first):
       [0] sync_humanoid_locomotion (res://runtime/player/player_motion_presenter.gd:90)
       [1] _sync_humanoid_locomotion (res://runtime/player/player_controller.gd:327)
       [2] _physics_process (res://runtime/player/player_controller.gd:159)
SCRIPT ERROR: Invalid call. Nonexistent function 'update_locomotion_state' in base 'Node3D'.
   at: PlayerMotionPresenter.sync_humanoid_locomotion (res://runtime/player/player_motion_presenter.gd:90)
   GDScript backtrace (most recent call first):
       [0] sync_humanoid_locomotion (res://runtime/player/player_motion_presenter.gd:90)
       [1] _sync_humanoid_locomotion (res://runtime/player/player_controller.gd:327)
       [2] _physics_process (res://runtime/player/player_controller.gd:159)
SCRIPT ERROR: Invalid call. Nonexistent function 'update_locomotion_state' in base 'Node3D'.
   at: PlayerMotionPresenter.sync_humanoid_locomotion (res://runtime/player/player_motion_presenter.gd:90)
   GDScript backtrace (most recent call first):
       [0] sync_humanoid_locomotion (res://runtime/player/player_motion_presenter.gd:90)
       [1] _sync_humanoid_locomotion (res://runtime/player/player_controller.gd:327)
       [2] _physics_process (res://runtime/player/player_controller.gd:159)
SCRIPT ERROR: Invalid call. Nonexistent function 'update_locomotion_state' in base 'Node3D'.
   at: PlayerMotionPresenter.sync_humanoid_locomotion (res://runtime/player/player_motion_presenter.gd:90)
   GDScript backtrace (most recent call first):
       [0] sync_humanoid_locomotion (res://runtime/player/player_motion_presenter.gd:90)
       [1] _sync_humanoid_locomotion (res://runtime/player/player_controller.gd:327)
       [2] _physics_process (res://runtime/player/player_controller.gd:159)
SCRIPT ERROR: Invalid call. Nonexistent function 'update_locomotion_state' in base 'Node3D'.
   at: PlayerMotionPresenter.sync_humanoid_locomotion (res://runtime/player/player_motion_presenter.gd:90)
   GDScript backtrace (most recent call first):
       [0] sync_humanoid_locomotion (res://runtime/player/player_motion_presenter.gd:90)
       [1] _sync_humanoid_locomotion (res://runtime/player/player_controller.gd:327)
       [2] _physics_process (res://runtime/player/player_controller.gd:159)
SCRIPT ERROR: Invalid call. Nonexistent function 'update_locomotion_state' in base 'Node3D'.
   at: PlayerMotionPresenter.sync_humanoid_locomotion (res://runtime/player/player_motion_presenter.gd:90)
   GDScript backtrace (most recent call first):
       [0] sync_humanoid_locomotion (res://runtime/player/player_motion_presenter.gd:90)
       [1] _sync_humanoid_locomotion (res://runtime/player/player_controller.gd:327)
       [2] _physics_process (res://runtime/player/player_controller.gd:159)
SCRIPT ERROR: Invalid call. Nonexistent function 'update_locomotion_state' in base 'Node3D'.
   at: PlayerMotionPresenter.sync_humanoid_locomotion (res://runtime/player/player_motion_presenter.gd:90)
   GDScript backtrace (most recent call first):
       [0] sync_humanoid_locomotion (res://runtime/player/player_motion_presenter.gd:90)
       [1] _sync_humanoid_locomotion (res://runtime/player/player_controller.gd:327)
       [2] _physics_process (res://runtime/player/player_controller.gd:159)
SCRIPT ERROR: Invalid call. Nonexistent function 'update_locomotion_state' in base 'Node3D'.
   at: PlayerMotionPresenter.sync_humanoid_locomotion (res://runtime/player/player_motion_presenter.gd:90)
   GDScript backtrace (most recent call first):
       [0] sync_humanoid_locomotion (res://runtime/player/player_motion_presenter.gd:90)
       [1] _sync_humanoid_locomotion (res://runtime/player/player_controller.gd:327)
       [2] _physics_process (res://runtime/player/player_controller.gd:159)
SCRIPT ERROR: Invalid call. Nonexistent function 'update_locomotion_state' in base 'Node3D'.
   at: PlayerMotionPresenter.sync_humanoid_locomotion (res://runtime/player/player_motion_presenter.gd:90)
   GDScript backtrace (most recent call first):
       [0] sync_humanoid_locomotion (res://runtime/player/player_motion_presenter.gd:90)
       [1] _sync_humanoid_locomotion (res://runtime/player/player_controller.gd:327)
       [2] _physics_process (res://runtime/player/player_controller.gd:159)
SCRIPT ERROR: Invalid call. Nonexistent function 'update_locomotion_state' in base 'Node3D'.
   at: PlayerMotionPresenter.sync_humanoid_locomotion (res://runtime/player/player_motion_presenter.gd:90)
   GDScript backtrace (most recent call first):
       [0] sync_humanoid_locomotion (res://runtime/player/player_motion_presenter.gd:90)
       [1] _sync_humanoid_locomotion (res://runtime/player/player_controller.gd:327)
       [2] _physics_process (res://runtime/player/player_controller.gd:159)
SCRIPT ERROR: Invalid call. Nonexistent function 'update_locomotion_state' in base 'Node3D'.
   at: PlayerMotionPresenter.sync_humanoid_locomotion (res://runtime/player/player_motion_presenter.gd:90)
   GDScript backtrace (most recent call first):
       [0] sync_humanoid_locomotion (res://runtime/player/player_motion_presenter.gd:90)
       [1] _sync_humanoid_locomotion (res://runtime/player/player_controller.gd:327)
       [2] _physics_process (res://runtime/player/player_controller.gd:159)
SCRIPT ERROR: Invalid call. Nonexistent function 'update_locomotion_state' in base 'Node3D'.
   at: PlayerMotionPresenter.sync_humanoid_locomotion (res://runtime/player/player_motion_presenter.gd:90)
   GDScript backtrace (most recent call first):
       [0] sync_humanoid_locomotion (res://runtime/player/player_motion_presenter.gd:90)
       [1] _sync_humanoid_locomotion (res://runtime/player/player_controller.gd:327)
       [2] _physics_process (res://runtime/player/player_controller.gd:159)
SCRIPT ERROR: Invalid call. Nonexistent function 'update_locomotion_state' in base 'Node3D'.
   at: PlayerMotionPresenter.sync_humanoid_locomotion (res://runtime/player/player_motion_presenter.gd:90)
   GDScript backtrace (most recent call first):
       [0] sync_humanoid_locomotion (res://runtime/player/player_motion_presenter.gd:90)
       [1] _sync_humanoid_locomotion (res://runtime/player/player_controller.gd:327)
       [2] _physics_process (res://runtime/player/player_controller.gd:159)
SCRIPT ERROR: Invalid call. Nonexistent function 'update_locomotion_state' in base 'Node3D'.
   at: PlayerMotionPresenter.sync_humanoid_locomotion (res://runtime/player/player_motion_presenter.gd:90)
   GDScript backtrace (most recent call first):
       [0] sync_humanoid_locomotion (res://runtime/player/player_motion_presenter.gd:90)
       [1] _sync_humanoid_locomotion (res://runtime/player/player_controller.gd:327)
       [2] _physics_process (res://runtime/player/player_controller.gd:159)
SCRIPT ERROR: Invalid call. Nonexistent function 'update_locomotion_state' in base 'Node3D'.
   at: PlayerMotionPresenter.sync_humanoid_locomotion (res://runtime/player/player_motion_presenter.gd:90)
   GDScript backtrace (most recent call first):
       [0] sync_humanoid_locomotion (res://runtime/player/player_motion_presenter.gd:90)
       [1] _sync_humanoid_locomotion (res://runtime/player/player_controller.gd:327)
       [2] _physics_process (res://runtime/player/player_controller.gd:159)
SCRIPT ERROR: Invalid call. Nonexistent function 'update_locomotion_state' in base 'Node3D'.
   at: PlayerMotionPresenter.sync_humanoid_locomotion (res://runtime/player/player_motion_presenter.gd:90)
   GDScript backtrace (most recent call first):
       [0] sync_humanoid_locomotion (res://runtime/player/player_motion_presenter.gd:90)
       [1] _sync_humanoid_locomotion (res://runtime/player/player_controller.gd:327)
       [2] _physics_process (res://runtime/player/player_controller.gd:159)
SCRIPT ERROR: Invalid call. Nonexistent function 'update_locomotion_state' in base 'Node3D'.
   at: PlayerMotionPresenter.sync_humanoid_locomotion (res://runtime/player/player_motion_presenter.gd:90)
   GDScript backtrace (most recent call first):
       [0] sync_humanoid_locomotion (res://runtime/player/player_motion_presenter.gd:90)
       [1] _sync_humanoid_locomotion (res://runtime/player/player_controller.gd:327)
       [2] _physics_process (res://runtime/player/player_controller.gd:159)
SCRIPT ERROR: Invalid call. Nonexistent function 'update_locomotion_state' in base 'Node3D'.
   at: PlayerMotionPresenter.sync_humanoid_locomotion (res://runtime/player/player_motion_presenter.gd:90)
   GDScript backtrace (most recent call first):
       [0] sync_humanoid_locomotion (res://runtime/player/player_motion_presenter.gd:90)
       [1] _sync_humanoid_locomotion (res://runtime/player/player_controller.gd:327)
       [2] _physics_process (res://runtime/player/player_controller.gd:159)
SCRIPT ERROR: Invalid call. Nonexistent function 'update_locomotion_state' in base 'Node3D'.
   at: PlayerMotionPresenter.sync_humanoid_locomotion (res://runtime/player/player_motion_presenter.gd:90)
   GDScript backtrace (most recent call first):
       [0] sync_humanoid_locomotion (res://runtime/player/player_motion_presenter.gd:90)
       [1] _sync_humanoid_locomotion (res://runtime/player/player_controller.gd:327)
       [2] _physics_process (res://runtime/player/player_controller.gd:159)
SCRIPT ERROR: Invalid call. Nonexistent function 'update_locomotion_state' in base 'Node3D'.
   at: PlayerMotionPresenter.sync_humanoid_locomotion (res://runtime/player/player_motion_presenter.gd:90)
   GDScript backtrace (most recent call first):
       [0] sync_humanoid_locomotion (res://runtime/player/player_motion_presenter.gd:90)
       [1] _sync_humanoid_locomotion (res://runtime/player/player_controller.gd:327)
       [2] _physics_process (res://runtime/player/player_controller.gd:159)
SCRIPT ERROR: Invalid call. Nonexistent function 'update_locomotion_state' in base 'Node3D'.
   at: PlayerMotionPresenter.sync_humanoid_locomotion (res://runtime/player/player_motion_presenter.gd:90)
   GDScript backtrace (most recent call first):
       [0] sync_humanoid_locomotion (res://runtime/player/player_motion_presenter.gd:90)
       [1] _sync_humanoid_locomotion (res://runtime/player/player_controller.gd:327)
       [2] _physics_process (res://runtime/player/player_controller.gd:159)
SCRIPT ERROR: Invalid call. Nonexistent function 'update_locomotion_state' in base 'Node3D'.
   at: PlayerMotionPresenter.sync_humanoid_locomotion (res://runtime/player/player_motion_presenter.gd:90)
   GDScript backtrace (most recent call first):
       [0] sync_humanoid_locomotion (res://runtime/player/player_motion_presenter.gd:90)
       [1] _sync_humanoid_locomotion (res://runtime/player/player_controller.gd:327)
       [2] _physics_process (res://runtime/player/player_controller.gd:159)
SCRIPT ERROR: Invalid call. Nonexistent function 'update_locomotion_state' in base 'Node3D'.
   at: PlayerMotionPresenter.sync_humanoid_locomotion (res://runtime/player/player_motion_presenter.gd:90)
   GDScript backtrace (most recent call first):
       [0] sync_humanoid_locomotion (res://runtime/player/player_motion_presenter.gd:90)
       [1] _sync_humanoid_locomotion (res://runtime/player/player_controller.gd:327)
       [2] _physics_process (res://runtime/player/player_controller.gd:159)
SCRIPT ERROR: Invalid call. Nonexistent function 'update_locomotion_state' in base 'Node3D'.
   at: PlayerMotionPresenter.sync_humanoid_locomotion (res://runtime/player/player_motion_presenter.gd:90)
   GDScript backtrace (most recent call first):
       [0] sync_humanoid_locomotion (res://runtime/player/player_motion_presenter.gd:90)
       [1] _sync_humanoid_locomotion (res://runtime/player/player_controller.gd:327)
       [2] _physics_process (res://runtime/player/player_controller.gd:159)
