Godot Engine v4.6.1.stable.official.14d19694e - https://godotengine.org

ERROR: Cannot save file 'user://inventory/verify_player_body_inventory_state.tres'.
   at: save (scene/resources/resource_format_text.cpp:1756)
   GDScript backtrace (most recent call first):
       [0] persist_resource (res://core/models/persistent_resource_state_io.gd:24)
       [1] persist (res://core/models/player_body_inventory_state.gd:45)
       [2] _init (res://tools/verify_inventory_storage_authority.gd:24)
ERROR: Cannot save file 'C:/Users/ixro1/AppData/Roaming/Godot/app_userdata/The Will-Gamefiles/inventory/verify_player_body_inventory_state.tres'.
   at: save (scene/resources/resource_format_text.cpp:1756)
   GDScript backtrace (most recent call first):
       [0] persist_resource (res://core/models/persistent_resource_state_io.gd:27)
       [1] persist (res://core/models/player_body_inventory_state.gd:45)
       [2] _init (res://tools/verify_inventory_storage_authority.gd:24)
ERROR: Cannot save file 'user://storage/verify_player_personal_storage_state.tres'.
   at: save (scene/resources/resource_format_text.cpp:1756)
   GDScript backtrace (most recent call first):
       [0] persist_resource (res://core/models/persistent_resource_state_io.gd:24)
       [1] persist (res://core/models/player_personal_storage_state.gd:37)
       [2] _init (res://tools/verify_inventory_storage_authority.gd:28)
ERROR: Cannot save file 'C:/Users/ixro1/AppData/Roaming/Godot/app_userdata/The Will-Gamefiles/storage/verify_player_personal_storage_state.tres'.
   at: save (scene/resources/resource_format_text.cpp:1756)
   GDScript backtrace (most recent call first):
       [0] persist_resource (res://core/models/persistent_resource_state_io.gd:27)
       [1] persist (res://core/models/player_personal_storage_state.gd:37)
       [2] _init (res://tools/verify_inventory_storage_authority.gd:28)
ERROR: Cannot save file 'user://inventory/verify_player_body_inventory_state.tres'.
   at: save (scene/resources/resource_format_text.cpp:1756)
   GDScript backtrace (most recent call first):
       [0] persist_resource (res://core/models/persistent_resource_state_io.gd:24)
       [1] persist (res://core/models/player_body_inventory_state.gd:45)
       [2] _persist_if_available (res://core/models/item_instance_container_support.gd:91)
       [3] add_item (res://core/models/item_instance_container_support.gd:28)
       [4] add_item (res://core/models/player_body_inventory_state.gd:29)
       [5] _init (res://tools/verify_inventory_storage_authority.gd:32)
ERROR: Cannot save file 'C:/Users/ixro1/AppData/Roaming/Godot/app_userdata/The Will-Gamefiles/inventory/verify_player_body_inventory_state.tres'.
   at: save (scene/resources/resource_format_text.cpp:1756)
   GDScript backtrace (most recent call first):
       [0] persist_resource (res://core/models/persistent_resource_state_io.gd:27)
       [1] persist (res://core/models/player_body_inventory_state.gd:45)
       [2] _persist_if_available (res://core/models/item_instance_container_support.gd:91)
       [3] add_item (res://core/models/item_instance_container_support.gd:28)
       [4] add_item (res://core/models/player_body_inventory_state.gd:29)
       [5] _init (res://tools/verify_inventory_storage_authority.gd:32)
ERROR: Cannot save file 'user://inventory/verify_player_body_inventory_state.tres'.
   at: save (scene/resources/resource_format_text.cpp:1756)
   GDScript backtrace (most recent call first):
       [0] persist_resource (res://core/models/persistent_resource_state_io.gd:24)
       [1] persist (res://core/models/player_body_inventory_state.gd:45)
       [2] _persist_if_available (res://core/models/item_instance_container_support.gd:91)
       [3] add_item (res://core/models/item_instance_container_support.gd:28)
       [4] add_item (res://core/models/player_body_inventory_state.gd:29)
       [5] _init (res://tools/verify_inventory_storage_authority.gd:33)
ERROR: Cannot save file 'C:/Users/ixro1/AppData/Roaming/Godot/app_userdata/The Will-Gamefiles/inventory/verify_player_body_inventory_state.tres'.
   at: save (scene/resources/resource_format_text.cpp:1756)
   GDScript backtrace (most recent call first):
       [0] persist_resource (res://core/models/persistent_resource_state_io.gd:27)
       [1] persist (res://core/models/player_body_inventory_state.gd:45)
       [2] _persist_if_available (res://core/models/item_instance_container_support.gd:91)
       [3] add_item (res://core/models/item_instance_container_support.gd:28)
       [4] add_item (res://core/models/player_body_inventory_state.gd:29)
       [5] _init (res://tools/verify_inventory_storage_authority.gd:33)
ERROR: Cannot save file 'user://inventory/verify_player_body_inventory_state.tres'.
   at: save (scene/resources/resource_format_text.cpp:1756)
   GDScript backtrace (most recent call first):
       [0] persist_resource (res://core/models/persistent_resource_state_io.gd:24)
       [1] persist (res://core/models/player_body_inventory_state.gd:45)
       [2] _persist_if_available (res://core/models/item_instance_container_support.gd:91)
       [3] take_item (res://core/models/item_instance_container_support.gd:50)
       [4] take_item (res://core/models/player_body_inventory_state.gd:37)
       [5] transfer_item (res://services/inventory_storage_service.gd:9)
       [6] _init (res://tools/verify_inventory_storage_authority.gd:36)
ERROR: Cannot save file 'C:/Users/ixro1/AppData/Roaming/Godot/app_userdata/The Will-Gamefiles/inventory/verify_player_body_inventory_state.tres'.
   at: save (scene/resources/resource_format_text.cpp:1756)
   GDScript backtrace (most recent call first):
       [0] persist_resource (res://core/models/persistent_resource_state_io.gd:27)
       [1] persist (res://core/models/player_body_inventory_state.gd:45)
       [2] _persist_if_available (res://core/models/item_instance_container_support.gd:91)
       [3] take_item (res://core/models/item_instance_container_support.gd:50)
       [4] take_item (res://core/models/player_body_inventory_state.gd:37)
       [5] transfer_item (res://services/inventory_storage_service.gd:9)
       [6] _init (res://tools/verify_inventory_storage_authority.gd:36)
ERROR: Cannot save file 'user://storage/verify_player_personal_storage_state.tres'.
   at: save (scene/resources/resource_format_text.cpp:1756)
   GDScript backtrace (most recent call first):
       [0] persist_resource (res://core/models/persistent_resource_state_io.gd:24)
       [1] persist (res://core/models/player_personal_storage_state.gd:37)
       [2] _persist_if_available (res://core/models/item_instance_container_support.gd:91)
       [3] add_item (res://core/models/item_instance_container_support.gd:28)
       [4] add_item (res://core/models/player_personal_storage_state.gd:21)
       [5] transfer_item (res://services/inventory_storage_service.gd:12)
       [6] _init (res://tools/verify_inventory_storage_authority.gd:36)
ERROR: Cannot save file 'C:/Users/ixro1/AppData/Roaming/Godot/app_userdata/The Will-Gamefiles/storage/verify_player_personal_storage_state.tres'.
   at: save (scene/resources/resource_format_text.cpp:1756)
   GDScript backtrace (most recent call first):
       [0] persist_resource (res://core/models/persistent_resource_state_io.gd:27)
       [1] persist (res://core/models/player_personal_storage_state.gd:37)
       [2] _persist_if_available (res://core/models/item_instance_container_support.gd:91)
       [3] add_item (res://core/models/item_instance_container_support.gd:28)
       [4] add_item (res://core/models/player_personal_storage_state.gd:21)
       [5] transfer_item (res://services/inventory_storage_service.gd:12)
       [6] _init (res://tools/verify_inventory_storage_authority.gd:36)
ERROR: Cannot save file 'user://inventory/verify_player_body_inventory_state.tres'.
   at: save (scene/resources/resource_format_text.cpp:1756)
   GDScript backtrace (most recent call first):
       [0] persist_resource (res://core/models/persistent_resource_state_io.gd:24)
       [1] persist (res://core/models/player_body_inventory_state.gd:45)
       [2] _persist_if_available (res://core/models/item_instance_container_support.gd:91)
       [3] take_item (res://core/models/item_instance_container_support.gd:50)
       [4] take_item (res://core/models/player_body_inventory_state.gd:37)
       [5] transfer_item (res://services/inventory_storage_service.gd:9)
       [6] _init (res://tools/verify_inventory_storage_authority.gd:43)
ERROR: Cannot save file 'C:/Users/ixro1/AppData/Roaming/Godot/app_userdata/The Will-Gamefiles/inventory/verify_player_body_inventory_state.tres'.
   at: save (scene/resources/resource_format_text.cpp:1756)
   GDScript backtrace (most recent call first):
       [0] persist_resource (res://core/models/persistent_resource_state_io.gd:27)
       [1] persist (res://core/models/player_body_inventory_state.gd:45)
       [2] _persist_if_available (res://core/models/item_instance_container_support.gd:91)
       [3] take_item (res://core/models/item_instance_container_support.gd:50)
       [4] take_item (res://core/models/player_body_inventory_state.gd:37)
       [5] transfer_item (res://services/inventory_storage_service.gd:9)
       [6] _init (res://tools/verify_inventory_storage_authority.gd:43)
ERROR: Cannot save file 'user://storage/verify_player_personal_storage_state.tres'.
   at: save (scene/resources/resource_format_text.cpp:1756)
   GDScript backtrace (most recent call first):
       [0] persist_resource (res://core/models/persistent_resource_state_io.gd:24)
       [1] persist (res://core/models/player_personal_storage_state.gd:37)
       [2] _persist_if_available (res://core/models/item_instance_container_support.gd:91)
       [3] add_item (res://core/models/item_instance_container_support.gd:28)
       [4] add_item (res://core/models/player_personal_storage_state.gd:21)
       [5] transfer_item (res://services/inventory_storage_service.gd:12)
       [6] _init (res://tools/verify_inventory_storage_authority.gd:43)
ERROR: Cannot save file 'C:/Users/ixro1/AppData/Roaming/Godot/app_userdata/The Will-Gamefiles/storage/verify_player_personal_storage_state.tres'.
   at: save (scene/resources/resource_format_text.cpp:1756)
   GDScript backtrace (most recent call first):
       [0] persist_resource (res://core/models/persistent_resource_state_io.gd:27)
       [1] persist (res://core/models/player_personal_storage_state.gd:37)
       [2] _persist_if_available (res://core/models/item_instance_container_support.gd:91)
       [3] add_item (res://core/models/item_instance_container_support.gd:28)
       [4] add_item (res://core/models/player_personal_storage_state.gd:21)
       [5] transfer_item (res://services/inventory_storage_service.gd:12)
       [6] _init (res://tools/verify_inventory_storage_authority.gd:43)
ERROR: Failed to read the root certificate store.
   at: get_system_ca_certificates (platform/windows/os_windows.cpp:2570)
