Godot Engine v4.6.1.stable.official.14d19694e - https://godotengine.org

ERROR: Failed to read the root certificate store.
   at: get_system_ca_certificates (platform/windows/os_windows.cpp:2570)
WARNING: Material uses a specular and glossiness workflow. Textures will be converted to roughness and metallic workflow, which may not be 100% accurate.
   at: _parse_materials (modules/gltf/gltf_document.cpp:2963)
   GDScript backtrace (most recent call first):
       [0] _load_gltf_scene_root (res://runtime/forge/forge_workspace_axis_indicator.gd:126)
       [1] _instantiate_gizmo_scene (res://runtime/forge/forge_workspace_axis_indicator.gd:111)
       [2] _ensure_gizmo_scene (res://runtime/forge/forge_workspace_axis_indicator.gd:92)
       [3] _ready (res://runtime/forge/forge_workspace_axis_indicator.gd:23)
       [4] _run_verification (res://tools/verify_stage2_feature_band_restore_tools.gd:32)
WARNING: Material uses a specular and glossiness workflow. Textures will be converted to roughness and metallic workflow, which may not be 100% accurate.
   at: _parse_materials (modules/gltf/gltf_document.cpp:2963)
   GDScript backtrace (most recent call first):
       [0] _load_gltf_scene_root (res://runtime/forge/forge_workspace_axis_indicator.gd:126)
       [1] _instantiate_gizmo_scene (res://runtime/forge/forge_workspace_axis_indicator.gd:111)
       [2] _ensure_gizmo_scene (res://runtime/forge/forge_workspace_axis_indicator.gd:92)
       [3] _ready (res://runtime/forge/forge_workspace_axis_indicator.gd:23)
       [4] _run_verification (res://tools/verify_stage2_feature_band_restore_tools.gd:32)
WARNING: Material uses a specular and glossiness workflow. Textures will be converted to roughness and metallic workflow, which may not be 100% accurate.
   at: _parse_materials (modules/gltf/gltf_document.cpp:2963)
   GDScript backtrace (most recent call first):
       [0] _load_gltf_scene_root (res://runtime/forge/forge_workspace_axis_indicator.gd:126)
       [1] _instantiate_gizmo_scene (res://runtime/forge/forge_workspace_axis_indicator.gd:111)
       [2] _ensure_gizmo_scene (res://runtime/forge/forge_workspace_axis_indicator.gd:92)
       [3] _ready (res://runtime/forge/forge_workspace_axis_indicator.gd:23)
       [4] _run_verification (res://tools/verify_stage2_feature_band_restore_tools.gd:32)
WARNING: Material uses a specular and glossiness workflow. Textures will be converted to roughness and metallic workflow, which may not be 100% accurate.
   at: _parse_materials (modules/gltf/gltf_document.cpp:2963)
   GDScript backtrace (most recent call first):
       [0] _load_gltf_scene_root (res://runtime/forge/forge_workspace_axis_indicator.gd:126)
       [1] _instantiate_gizmo_scene (res://runtime/forge/forge_workspace_axis_indicator.gd:111)
       [2] _ensure_gizmo_scene (res://runtime/forge/forge_workspace_axis_indicator.gd:92)
       [3] _ready (res://runtime/forge/forge_workspace_axis_indicator.gd:23)
       [4] _run_verification (res://tools/verify_stage2_feature_band_restore_tools.gd:32)
