Godot Engine v4.6.1.stable.official.14d19694e - https://godotengine.org

SCRIPT ERROR: Parse Error: Could not preload resource script "res://core/models/stage2_item_state.gd".
   at: GDScript::reload (res://services/forge_stage2_service.gd:8)
SCRIPT ERROR: Parse Error: Could not resolve script "res://core/models/stage2_item_state.gd".
   at: GDScript::reload (res://services/forge_stage2_service.gd:8)
SCRIPT ERROR: Compile Error: Failed to compile depended scripts.
   at: GDScript::reload (res://services/forge_service.gd:0)
SCRIPT ERROR: Compile Error: Failed to compile depended scripts.
   at: GDScript::reload (res://runtime/forge/forge_material_lookup_presenter.gd:0)
SCRIPT ERROR: Compile Error: Failed to compile depended scripts.
   at: GDScript::reload (res://runtime/forge/forge_grid_controller.gd:0)
SCRIPT ERROR: Compile Error: Failed to compile depended scripts.
   at: GDScript::reload (res://runtime/forge/forge_material_catalog_presenter.gd:0)
SCRIPT ERROR: Compile Error: Failed to compile depended scripts.
   at: GDScript::reload (res://runtime/forge/crafting_bench_ui.gd:0)
ERROR: Failed to load script "res://runtime/forge/crafting_bench_ui.gd" with error "Compilation failed".
   at: load (modules/gdscript/gdscript.cpp:2907)
ERROR: Failed to read the root certificate store.
   at: get_system_ca_certificates (platform/windows/os_windows.cpp:2570)
SCRIPT ERROR: Invalid call. Nonexistent function 'new' in base 'GDScript'.
   at: ForgeService._init (res://services/forge_service.gd:32)
   GDScript backtrace (most recent call first):
       [0] _init (res://services/forge_service.gd:32)
       [1] @implicit_new (res://runtime/forge/forge_grid_controller.gd:36)
       [2] _run_verification (res://tools/verify_stage2_refinement_mode.gd:15)
SCRIPT ERROR: Invalid call. Nonexistent function 'new' in base 'GDScript'.
   at: ForgeGridController.@implicit_new (res://runtime/forge/forge_grid_controller.gd:37)
   GDScript backtrace (most recent call first):
       [0] @implicit_new (res://runtime/forge/forge_grid_controller.gd:37)
       [1] _run_verification (res://tools/verify_stage2_refinement_mode.gd:15)
SCRIPT ERROR: Invalid call. Nonexistent function 'clear_active_sample_preset' in base 'Nil'.
   at: ForgeGridController.load_new_blank_wip_for_builder_path (res://runtime/forge/forge_grid_controller.gd:249)
   GDScript backtrace (most recent call first):
       [0] load_new_blank_wip_for_builder_path (res://runtime/forge/forge_grid_controller.gd:249)
       [1] _run_verification (res://tools/verify_stage2_refinement_mode.gd:16)
SCRIPT ERROR: Invalid call. Nonexistent function 'set_material_at' in base 'Nil'.
   at: ForgeGridController.set_material_at (res://runtime/forge/forge_grid_controller.gd:300)
   GDScript backtrace (most recent call first):
       [0] set_material_at (res://runtime/forge/forge_grid_controller.gd:300)
       [1] _seed_cells (res://tools/verify_stage2_refinement_mode.gd:224)
       [2] _run_verification (res://tools/verify_stage2_refinement_mode.gd:17)
SCRIPT ERROR: Invalid call. Nonexistent function 'set_material_at' in base 'Nil'.
   at: ForgeGridController.set_material_at (res://runtime/forge/forge_grid_controller.gd:300)
   GDScript backtrace (most recent call first):
       [0] set_material_at (res://runtime/forge/forge_grid_controller.gd:300)
       [1] _seed_cells (res://tools/verify_stage2_refinement_mode.gd:224)
       [2] _run_verification (res://tools/verify_stage2_refinement_mode.gd:17)
SCRIPT ERROR: Invalid call. Nonexistent function 'set_material_at' in base 'Nil'.
   at: ForgeGridController.set_material_at (res://runtime/forge/forge_grid_controller.gd:300)
   GDScript backtrace (most recent call first):
       [0] set_material_at (res://runtime/forge/forge_grid_controller.gd:300)
       [1] _seed_cells (res://tools/verify_stage2_refinement_mode.gd:224)
       [2] _run_verification (res://tools/verify_stage2_refinement_mode.gd:17)
SCRIPT ERROR: Invalid call. Nonexistent function 'set_material_at' in base 'Nil'.
   at: ForgeGridController.set_material_at (res://runtime/forge/forge_grid_controller.gd:300)
   GDScript backtrace (most recent call first):
       [0] set_material_at (res://runtime/forge/forge_grid_controller.gd:300)
       [1] _seed_cells (res://tools/verify_stage2_refinement_mode.gd:224)
       [2] _run_verification (res://tools/verify_stage2_refinement_mode.gd:17)
SCRIPT ERROR: Invalid call. Nonexistent function 'set_material_at' in base 'Nil'.
   at: ForgeGridController.set_material_at (res://runtime/forge/forge_grid_controller.gd:300)
   GDScript backtrace (most recent call first):
       [0] set_material_at (res://runtime/forge/forge_grid_controller.gd:300)
       [1] _seed_cells (res://tools/verify_stage2_refinement_mode.gd:224)
       [2] _run_verification (res://tools/verify_stage2_refinement_mode.gd:17)
SCRIPT ERROR: Invalid call. Nonexistent function 'set_material_at' in base 'Nil'.
   at: ForgeGridController.set_material_at (res://runtime/forge/forge_grid_controller.gd:300)
   GDScript backtrace (most recent call first):
       [0] set_material_at (res://runtime/forge/forge_grid_controller.gd:300)
       [1] _seed_cells (res://tools/verify_stage2_refinement_mode.gd:224)
       [2] _run_verification (res://tools/verify_stage2_refinement_mode.gd:17)
SCRIPT ERROR: Invalid call. Nonexistent function 'set_material_at' in base 'Nil'.
   at: ForgeGridController.set_material_at (res://runtime/forge/forge_grid_controller.gd:300)
   GDScript backtrace (most recent call first):
       [0] set_material_at (res://runtime/forge/forge_grid_controller.gd:300)
       [1] _seed_cells (res://tools/verify_stage2_refinement_mode.gd:224)
       [2] _run_verification (res://tools/verify_stage2_refinement_mode.gd:17)
SCRIPT ERROR: Invalid call. Nonexistent function 'set_material_at' in base 'Nil'.
   at: ForgeGridController.set_material_at (res://runtime/forge/forge_grid_controller.gd:300)
   GDScript backtrace (most recent call first):
       [0] set_material_at (res://runtime/forge/forge_grid_controller.gd:300)
       [1] _seed_cells (res://tools/verify_stage2_refinement_mode.gd:224)
       [2] _run_verification (res://tools/verify_stage2_refinement_mode.gd:17)
SCRIPT ERROR: Invalid call. Nonexistent function 'set_material_at' in base 'Nil'.
   at: ForgeGridController.set_material_at (res://runtime/forge/forge_grid_controller.gd:300)
   GDScript backtrace (most recent call first):
       [0] set_material_at (res://runtime/forge/forge_grid_controller.gd:300)
       [1] _seed_cells (res://tools/verify_stage2_refinement_mode.gd:224)
       [2] _run_verification (res://tools/verify_stage2_refinement_mode.gd:17)
SCRIPT ERROR: Invalid call. Nonexistent function 'set_material_at' in base 'Nil'.
   at: ForgeGridController.set_material_at (res://runtime/forge/forge_grid_controller.gd:300)
   GDScript backtrace (most recent call first):
       [0] set_material_at (res://runtime/forge/forge_grid_controller.gd:300)
       [1] _seed_cells (res://tools/verify_stage2_refinement_mode.gd:224)
       [2] _run_verification (res://tools/verify_stage2_refinement_mode.gd:17)
SCRIPT ERROR: Invalid call. Nonexistent function 'set_material_at' in base 'Nil'.
   at: ForgeGridController.set_material_at (res://runtime/forge/forge_grid_controller.gd:300)
   GDScript backtrace (most recent call first):
       [0] set_material_at (res://runtime/forge/forge_grid_controller.gd:300)
       [1] _seed_cells (res://tools/verify_stage2_refinement_mode.gd:224)
       [2] _run_verification (res://tools/verify_stage2_refinement_mode.gd:17)
SCRIPT ERROR: Invalid call. Nonexistent function 'set_material_at' in base 'Nil'.
   at: ForgeGridController.set_material_at (res://runtime/forge/forge_grid_controller.gd:300)
   GDScript backtrace (most recent call first):
       [0] set_material_at (res://runtime/forge/forge_grid_controller.gd:300)
       [1] _seed_cells (res://tools/verify_stage2_refinement_mode.gd:224)
       [2] _run_verification (res://tools/verify_stage2_refinement_mode.gd:17)
SCRIPT ERROR: Invalid call. Nonexistent function 'set_material_at' in base 'Nil'.
   at: ForgeGridController.set_material_at (res://runtime/forge/forge_grid_controller.gd:300)
   GDScript backtrace (most recent call first):
       [0] set_material_at (res://runtime/forge/forge_grid_controller.gd:300)
       [1] _seed_cells (res://tools/verify_stage2_refinement_mode.gd:224)
       [2] _run_verification (res://tools/verify_stage2_refinement_mode.gd:17)
SCRIPT ERROR: Invalid call. Nonexistent function 'set_material_at' in base 'Nil'.
   at: ForgeGridController.set_material_at (res://runtime/forge/forge_grid_controller.gd:300)
   GDScript backtrace (most recent call first):
       [0] set_material_at (res://runtime/forge/forge_grid_controller.gd:300)
       [1] _seed_cells (res://tools/verify_stage2_refinement_mode.gd:224)
       [2] _run_verification (res://tools/verify_stage2_refinement_mode.gd:17)
SCRIPT ERROR: Invalid call. Nonexistent function 'set_material_at' in base 'Nil'.
   at: ForgeGridController.set_material_at (res://runtime/forge/forge_grid_controller.gd:300)
   GDScript backtrace (most recent call first):
       [0] set_material_at (res://runtime/forge/forge_grid_controller.gd:300)
       [1] _seed_cells (res://tools/verify_stage2_refinement_mode.gd:224)
       [2] _run_verification (res://tools/verify_stage2_refinement_mode.gd:17)
SCRIPT ERROR: Invalid call. Nonexistent function 'set_material_at' in base 'Nil'.
   at: ForgeGridController.set_material_at (res://runtime/forge/forge_grid_controller.gd:300)
   GDScript backtrace (most recent call first):
       [0] set_material_at (res://runtime/forge/forge_grid_controller.gd:300)
       [1] _seed_cells (res://tools/verify_stage2_refinement_mode.gd:224)
       [2] _run_verification (res://tools/verify_stage2_refinement_mode.gd:17)
SCRIPT ERROR: Invalid call. Nonexistent function 'build_runtime_material_lookup' in base 'Nil'.
   at: ForgeGridController.build_default_material_lookup (res://runtime/forge/forge_grid_controller.gd:317)
   GDScript backtrace (most recent call first):
       [0] build_default_material_lookup (res://runtime/forge/forge_grid_controller.gd:317)
       [1] _run_verification (res://tools/verify_stage2_refinement_mode.gd:19)
SCRIPT ERROR: Invalid call. Nonexistent function 'set_forge_rules' in base 'Nil'.
   at: ForgeGridController._apply_forge_rules (res://runtime/forge/forge_grid_controller.gd:368)
   GDScript backtrace (most recent call first):
       [0] _apply_forge_rules (res://runtime/forge/forge_grid_controller.gd:368)
       [1] _ready (res://runtime/forge/forge_grid_controller.gd:50)
       [2] _run_verification (res://tools/verify_stage2_refinement_mode.gd:20)
SCRIPT ERROR: Invalid call. Nonexistent function 'set_view_tuning' in base 'Nil'.
   at: ForgeGridController._ready (res://runtime/forge/forge_grid_controller.gd:51)
   GDScript backtrace (most recent call first):
       [0] _ready (res://runtime/forge/forge_grid_controller.gd:51)
       [1] _run_verification (res://tools/verify_stage2_refinement_mode.gd:20)
SCRIPT ERROR: Invalid call. Nonexistent function 'new' in base 'GDScript'.
   at: ForgeService._init (res://services/forge_service.gd:32)
   GDScript backtrace (most recent call first):
       [0] _init (res://services/forge_service.gd:32)
       [1] @implicit_new (res://services/material_pipeline_service.gd:12)
       [2] @implicit_new (res://runtime/player/player_controller.gd:51)
       [3] _run_verification (res://tools/verify_stage2_refinement_mode.gd:22)
SCRIPT ERROR: Invalid call. Nonexistent function 'new' in base 'GDScript'.
   at: ForgeService._init (res://services/forge_service.gd:32)
   GDScript backtrace (most recent call first):
       [0] _init (res://services/forge_service.gd:32)
       [1] @implicit_new (res://runtime/player/player_controller.gd:52)
       [2] _run_verification (res://tools/verify_stage2_refinement_mode.gd:22)
SCRIPT ERROR: Invalid call. Nonexistent function 'new' in base 'GDScript'.
   at: ForgeService._init (res://services/forge_service.gd:32)
   GDScript backtrace (most recent call first):
       [0] _init (res://services/forge_service.gd:32)
       [1] @implicit_new (res://services/material_pipeline_service.gd:12)
       [2] @implicit_new (res://runtime/ui/player_inventory_overlay.gd:81)
       [3] _run_verification (res://tools/verify_stage2_refinement_mode.gd:22)
SCRIPT ERROR: Parse Error: Expected statement, found "Indent" instead.
   at: GDScript::reload (res://core/models/stage2_item_state.gd:1281)
   GDScript backtrace (most recent call first):
       [0] load_or_create (res://core/models/persistent_resource_state_io.gd:7)
       [1] load_or_create (res://core/models/player_forge_wip_library_state.gd:12)
       [2] get_forge_wip_library_state (res://runtime/player/player_runtime_state_presenter.gd:32)
       [3] get_forge_wip_library_state (res://runtime/player/player_controller.gd:223)
       [4] _sync_equipped_test_meshes (res://runtime/player/player_controller.gd:299)
       [5] _ready (res://runtime/player/player_controller.gd:80)
       [6] _run_verification (res://tools/verify_stage2_refinement_mode.gd:23)
ERROR: Failed to load script "res://core/models/stage2_item_state.gd" with error "Parse error".
   at: load (modules/gdscript/gdscript.cpp:2907)
   GDScript backtrace (most recent call first):
       [0] load_or_create (res://core/models/persistent_resource_state_io.gd:7)
       [1] load_or_create (res://core/models/player_forge_wip_library_state.gd:12)
       [2] get_forge_wip_library_state (res://runtime/player/player_runtime_state_presenter.gd:32)
       [3] get_forge_wip_library_state (res://runtime/player/player_controller.gd:223)
       [4] _sync_equipped_test_meshes (res://runtime/player/player_controller.gd:299)
       [5] _ready (res://runtime/player/player_controller.gd:80)
       [6] _run_verification (res://tools/verify_stage2_refinement_mode.gd:23)
SCRIPT ERROR: Invalid call. Nonexistent function 'has_current_shell' in base 'Resource'.
   at: ForgeService.build_test_print_from_wip (res://services/forge_service.gd:112)
   GDScript backtrace (most recent call first):
       [0] build_test_print_from_wip (res://services/forge_service.gd:112)
       [1] build_equipped_item_node (res://runtime/player/player_equipped_item_presenter.gd:39)
       [2] sync_equipped_slot_visual (res://runtime/player/player_equipped_item_presenter.gd:264)
       [3] sync_equipped_test_meshes (res://runtime/player/player_equipped_item_presenter.gd:208)
       [4] sync_equipped_test_meshes (res://runtime/player/player_forge_test_presenter.gd:110)
       [5] _sync_equipped_test_meshes (res://runtime/player/player_controller.gd:299)
       [6] _ready (res://runtime/player/player_controller.gd:80)
       [7] _run_verification (res://tools/verify_stage2_refinement_mode.gd:23)
SCRIPT ERROR: Invalid call. Nonexistent function 'has_current_shell' in base 'Resource'.
   at: ForgeService.build_test_print_from_wip (res://services/forge_service.gd:112)
   GDScript backtrace (most recent call first):
       [0] build_test_print_from_wip (res://services/forge_service.gd:112)
       [1] build_equipped_item_node (res://runtime/player/player_equipped_item_presenter.gd:39)
       [2] sync_equipped_slot_visual (res://runtime/player/player_equipped_item_presenter.gd:264)
       [3] sync_equipped_test_meshes (res://runtime/player/player_equipped_item_presenter.gd:221)
       [4] sync_equipped_test_meshes (res://runtime/player/player_forge_test_presenter.gd:110)
       [5] _sync_equipped_test_meshes (res://runtime/player/player_controller.gd:299)
       [6] _ready (res://runtime/player/player_controller.gd:80)
       [7] _run_verification (res://tools/verify_stage2_refinement_mode.gd:23)
SCRIPT ERROR: Invalid call. Nonexistent function 'clear_active_sample_preset' in base 'Nil'.
   at: ForgeGridController.load_player_saved_wip (res://runtime/forge/forge_grid_controller.gd:222)
   GDScript backtrace (most recent call first):
       [0] load_player_saved_wip (res://runtime/forge/forge_grid_controller.gd:222)
       [1] restore_preferred_project (res://runtime/forge/forge_project_workflow.gd:195)
       [2] restore_preferred_project (res://runtime/forge/forge_project_action_presenter.gd:186)
       [3] _restore_preferred_player_project_if_available (res://runtime/forge/crafting_bench_ui.gd:2429)
       [4] open_session (res://runtime/forge/forge_bench_session_presenter.gd:47)
       [5] open_for (res://runtime/forge/crafting_bench_ui.gd:462)
       [6] _run_verification (res://tools/verify_stage2_refinement_mode.gd:30)
SCRIPT ERROR: Invalid call. Nonexistent function 'clear_active_sample_preset' in base 'Nil'.
   at: ForgeGridController.load_new_blank_wip_for_builder_path (res://runtime/forge/forge_grid_controller.gd:249)
   GDScript backtrace (most recent call first):
       [0] load_new_blank_wip_for_builder_path (res://runtime/forge/forge_grid_controller.gd:249)
       [1] load_new_blank_wip (res://runtime/forge/forge_grid_controller.gd:242)
       [2] ensure_editable_wip (res://runtime/forge/forge_grid_controller.gd:176)
       [3] ensure_editable_wip (res://runtime/forge/forge_project_workflow.gd:128)
       [4] ensure_wip_for_editing (res://runtime/forge/forge_project_action_presenter.gd:47)
       [5] _ensure_wip_for_editing (res://runtime/forge/crafting_bench_ui.gd:2577)
       [6] open_session (res://runtime/forge/forge_bench_session_presenter.gd:50)
       [7] open_for (res://runtime/forge/crafting_bench_ui.gd:462)
       [8] _run_verification (res://tools/verify_stage2_refinement_mode.gd:30)
SCRIPT ERROR: Invalid call. Nonexistent function 'build_runtime_material_lookup' in base 'Nil'.
   at: ForgeGridController.build_default_material_lookup (res://runtime/forge/forge_grid_controller.gd:317)
   GDScript backtrace (most recent call first):
       [0] build_default_material_lookup (res://runtime/forge/forge_grid_controller.gd:317)
       [1] open_session (res://runtime/forge/forge_bench_session_presenter.gd:60)
       [2] open_for (res://runtime/forge/crafting_bench_ui.gd:462)
       [3] _run_verification (res://tools/verify_stage2_refinement_mode.gd:30)
SCRIPT ERROR: Invalid call. Nonexistent function 'resolve_authoring_sandbox' in base 'Nil'.
   at: ForgeGridController._get_forge_authoring_sandbox (res://runtime/forge/forge_grid_controller.gd:394)
   GDScript backtrace (most recent call first):
       [0] _get_forge_authoring_sandbox (res://runtime/forge/forge_grid_controller.gd:394)
       [1] get_inventory_seed_def (res://runtime/forge/forge_grid_controller.gd:99)
       [2] open_session (res://runtime/forge/forge_bench_session_presenter.gd:60)
       [3] open_for (res://runtime/forge/crafting_bench_ui.gd:462)
       [4] _run_verification (res://tools/verify_stage2_refinement_mode.gd:30)
SCRIPT ERROR: Invalid call. Nonexistent function 'get_inventory_seed_def' in base 'Nil'.
   at: ForgeGridController.get_inventory_seed_def (res://runtime/forge/forge_grid_controller.gd:99)
   GDScript backtrace (most recent call first):
       [0] get_inventory_seed_def (res://runtime/forge/forge_grid_controller.gd:99)
       [1] open_session (res://runtime/forge/forge_bench_session_presenter.gd:60)
       [2] open_for (res://runtime/forge/crafting_bench_ui.gd:462)
       [3] _run_verification (res://tools/verify_stage2_refinement_mode.gd:30)
SCRIPT ERROR: Invalid call. Nonexistent function 'resolve_authoring_sandbox' in base 'Nil'.
   at: ForgeGridController._get_forge_authoring_sandbox (res://runtime/forge/forge_grid_controller.gd:394)
   GDScript backtrace (most recent call first):
       [0] _get_forge_authoring_sandbox (res://runtime/forge/forge_grid_controller.gd:394)
       [1] get_inventory_seed_quantity (res://runtime/forge/forge_grid_controller.gd:93)
       [2] open_session (res://runtime/forge/forge_bench_session_presenter.gd:60)
       [3] open_for (res://runtime/forge/crafting_bench_ui.gd:462)
       [4] _run_verification (res://tools/verify_stage2_refinement_mode.gd:30)
SCRIPT ERROR: Invalid call. Nonexistent function 'get_inventory_seed_quantity' in base 'Nil'.
   at: ForgeGridController.get_inventory_seed_quantity (res://runtime/forge/forge_grid_controller.gd:93)
   GDScript backtrace (most recent call first):
       [0] get_inventory_seed_quantity (res://runtime/forge/forge_grid_controller.gd:93)
       [1] open_session (res://runtime/forge/forge_bench_session_presenter.gd:60)
       [2] open_for (res://runtime/forge/crafting_bench_ui.gd:462)
       [3] _run_verification (res://tools/verify_stage2_refinement_mode.gd:30)
SCRIPT ERROR: Invalid call. Nonexistent function 'resolve_authoring_sandbox' in base 'Nil'.
   at: ForgeGridController._get_forge_authoring_sandbox (res://runtime/forge/forge_grid_controller.gd:394)
   GDScript backtrace (most recent call first):
       [0] _get_forge_authoring_sandbox (res://runtime/forge/forge_grid_controller.gd:394)
       [1] get_inventory_seed_bonus_quantity (res://runtime/forge/forge_grid_controller.gd:96)
       [2] open_session (res://runtime/forge/forge_bench_session_presenter.gd:60)
       [3] open_for (res://runtime/forge/crafting_bench_ui.gd:462)
       [4] _run_verification (res://tools/verify_stage2_refinement_mode.gd:30)
SCRIPT ERROR: Invalid call. Nonexistent function 'get_inventory_seed_bonus_quantity' in base 'Nil'.
   at: ForgeGridController.get_inventory_seed_bonus_quantity (res://runtime/forge/forge_grid_controller.gd:96)
   GDScript backtrace (most recent call first):
       [0] get_inventory_seed_bonus_quantity (res://runtime/forge/forge_grid_controller.gd:96)
       [1] open_session (res://runtime/forge/forge_bench_session_presenter.gd:60)
       [2] open_for (res://runtime/forge/crafting_bench_ui.gd:462)
       [3] _run_verification (res://tools/verify_stage2_refinement_mode.gd:30)
SCRIPT ERROR: Invalid call. Nonexistent function 'build_runtime_material_lookup' in base 'Nil'.
   at: ForgeGridController.build_default_material_lookup (res://runtime/forge/forge_grid_controller.gd:317)
   GDScript backtrace (most recent call first):
       [0] build_default_material_lookup (res://runtime/forge/forge_grid_controller.gd:317)
       [1] get_material_lookup (res://runtime/forge/forge_bench_material_state_presenter.gd:14)
       [2] _get_material_lookup (res://runtime/forge/crafting_bench_ui.gd:914)
       [3] _build_material_catalog (res://runtime/forge/crafting_bench_ui.gd:728)
       [4] open_session (res://runtime/forge/forge_bench_session_presenter.gd:67)
       [5] open_for (res://runtime/forge/crafting_bench_ui.gd:462)
       [6] _run_verification (res://tools/verify_stage2_refinement_mode.gd:30)
SCRIPT ERROR: Invalid call. Nonexistent function 'build_runtime_material_lookup' in base 'Nil'.
   at: ForgeGridController.build_default_material_lookup (res://runtime/forge/forge_grid_controller.gd:317)
   GDScript backtrace (most recent call first):
       [0] build_default_material_lookup (res://runtime/forge/forge_grid_controller.gd:317)
       [1] get_material_catalog_ids (res://runtime/forge/forge_grid_controller.gd:108)
       [2] _collect_material_catalog_ids (res://runtime/forge/forge_material_catalog_presenter.gd:211)
       [3] build_material_catalog (res://runtime/forge/forge_material_catalog_presenter.gd:17)
       [4] build_material_catalog (res://runtime/forge/forge_bench_material_state_presenter.gd:25)
       [5] _build_material_catalog (res://runtime/forge/crafting_bench_ui.gd:728)
       [6] open_session (res://runtime/forge/forge_bench_session_presenter.gd:67)
       [7] open_for (res://runtime/forge/crafting_bench_ui.gd:462)
       [8] _run_verification (res://tools/verify_stage2_refinement_mode.gd:30)
SCRIPT ERROR: Invalid call. Nonexistent function 'build_ordered_material_ids' in base 'Nil'.
   at: ForgeGridController.get_material_catalog_ids (res://runtime/forge/forge_grid_controller.gd:108)
   GDScript backtrace (most recent call first):
       [0] get_material_catalog_ids (res://runtime/forge/forge_grid_controller.gd:108)
       [1] _collect_material_catalog_ids (res://runtime/forge/forge_material_catalog_presenter.gd:211)
       [2] build_material_catalog (res://runtime/forge/forge_material_catalog_presenter.gd:17)
       [3] build_material_catalog (res://runtime/forge/forge_bench_material_state_presenter.gd:25)
       [4] _build_material_catalog (res://runtime/forge/crafting_bench_ui.gd:728)
       [5] open_session (res://runtime/forge/forge_bench_session_presenter.gd:67)
       [6] open_for (res://runtime/forge/crafting_bench_ui.gd:462)
       [7] _run_verification (res://tools/verify_stage2_refinement_mode.gd:30)
SCRIPT ERROR: Invalid call. Nonexistent function 'clear_active_sample_preset' in base 'Nil'.
   at: ForgeGridController.load_new_blank_wip_for_builder_path (res://runtime/forge/forge_grid_controller.gd:249)
   GDScript backtrace (most recent call first):
       [0] load_new_blank_wip_for_builder_path (res://runtime/forge/forge_grid_controller.gd:249)
       [1] load_new_blank_wip (res://runtime/forge/forge_grid_controller.gd:242)
       [2] ensure_editable_wip (res://runtime/forge/forge_grid_controller.gd:176)
       [3] ensure_editable_wip (res://runtime/forge/forge_project_workflow.gd:128)
       [4] ensure_wip_for_editing (res://runtime/forge/forge_project_action_presenter.gd:47)
       [5] _ensure_wip_for_editing (res://runtime/forge/crafting_bench_ui.gd:2577)
       [6] _refresh_project_panel (res://runtime/forge/crafting_bench_ui.gd:2961)
       [7] refresh_all (res://runtime/forge/forge_bench_refresh_presenter.gd:19)
       [8] _refresh_all (res://runtime/forge/crafting_bench_ui.gd:741)
       [9] open_session (res://runtime/forge/forge_bench_session_presenter.gd:68)
       [10] open_for (res://runtime/forge/crafting_bench_ui.gd:462)
       [11] _run_verification (res://tools/verify_stage2_refinement_mode.gd:30)
SCRIPT ERROR: Invalid call. Nonexistent function 'resolve_authoring_sandbox' in base 'Nil'.
   at: ForgeGridController._get_forge_authoring_sandbox (res://runtime/forge/forge_grid_controller.gd:394)
   GDScript backtrace (most recent call first):
       [0] _get_forge_authoring_sandbox (res://runtime/forge/forge_grid_controller.gd:394)
       [1] get_sample_preset_ids (res://runtime/forge/forge_grid_controller.gd:80)
       [2] build_project_catalog (res://runtime/forge/forge_project_workflow.gd:75)
       [3] refresh_project_panel (res://runtime/forge/forge_project_panel_presenter.gd:248)
       [4] refresh_project_panel (res://runtime/forge/forge_bench_refresh_presenter.gd:99)
       [5] _refresh_project_panel (res://runtime/forge/crafting_bench_ui.gd:2962)
       [6] refresh_all (res://runtime/forge/forge_bench_refresh_presenter.gd:19)
       [7] _refresh_all (res://runtime/forge/crafting_bench_ui.gd:741)
       [8] open_session (res://runtime/forge/forge_bench_session_presenter.gd:68)
       [9] open_for (res://runtime/forge/crafting_bench_ui.gd:462)
       [10] _run_verification (res://tools/verify_stage2_refinement_mode.gd:30)
SCRIPT ERROR: Invalid call. Nonexistent function 'get_sample_preset_ids' in base 'Nil'.
   at: ForgeGridController.get_sample_preset_ids (res://runtime/forge/forge_grid_controller.gd:80)
   GDScript backtrace (most recent call first):
       [0] get_sample_preset_ids (res://runtime/forge/forge_grid_controller.gd:80)
       [1] build_project_catalog (res://runtime/forge/forge_project_workflow.gd:75)
       [2] refresh_project_panel (res://runtime/forge/forge_project_panel_presenter.gd:248)
       [3] refresh_project_panel (res://runtime/forge/forge_bench_refresh_presenter.gd:99)
       [4] _refresh_project_panel (res://runtime/forge/crafting_bench_ui.gd:2962)
       [5] refresh_all (res://runtime/forge/forge_bench_refresh_presenter.gd:19)
       [6] _refresh_all (res://runtime/forge/crafting_bench_ui.gd:741)
       [7] open_session (res://runtime/forge/forge_bench_session_presenter.gd:68)
       [8] open_for (res://runtime/forge/crafting_bench_ui.gd:462)
       [9] _run_verification (res://tools/verify_stage2_refinement_mode.gd:30)
SCRIPT ERROR: Invalid call. Nonexistent function 'get_active_sample_preset_id' in base 'Nil'.
   at: ForgeGridController.get_active_sample_preset_id (res://runtime/forge/forge_grid_controller.gd:257)
   GDScript backtrace (most recent call first):
       [0] get_active_sample_preset_id (res://runtime/forge/forge_grid_controller.gd:257)
       [1] refresh_project_panel (res://runtime/forge/forge_project_panel_presenter.gd:255)
       [2] refresh_project_panel (res://runtime/forge/forge_bench_refresh_presenter.gd:99)
       [3] _refresh_project_panel (res://runtime/forge/crafting_bench_ui.gd:2962)
       [4] refresh_all (res://runtime/forge/forge_bench_refresh_presenter.gd:19)
       [5] _refresh_all (res://runtime/forge/crafting_bench_ui.gd:741)
       [6] open_session (res://runtime/forge/forge_bench_session_presenter.gd:68)
       [7] open_for (res://runtime/forge/crafting_bench_ui.gd:462)
       [8] _run_verification (res://tools/verify_stage2_refinement_mode.gd:30)
SCRIPT ERROR: Invalid call. Nonexistent function 'build_runtime_material_lookup' in base 'Nil'.
   at: ForgeGridController.build_default_material_lookup (res://runtime/forge/forge_grid_controller.gd:317)
   GDScript backtrace (most recent call first):
       [0] build_default_material_lookup (res://runtime/forge/forge_grid_controller.gd:317)
       [1] get_material_lookup (res://runtime/forge/forge_bench_material_state_presenter.gd:14)
       [2] _get_material_lookup (res://runtime/forge/crafting_bench_ui.gd:914)
       [3] _build_material_catalog (res://runtime/forge/crafting_bench_ui.gd:728)
       [4] refresh_all (res://runtime/forge/forge_bench_refresh_presenter.gd:20)
       [5] _refresh_all (res://runtime/forge/crafting_bench_ui.gd:741)
       [6] open_session (res://runtime/forge/forge_bench_session_presenter.gd:68)
       [7] open_for (res://runtime/forge/crafting_bench_ui.gd:462)
       [8] _run_verification (res://tools/verify_stage2_refinement_mode.gd:30)
SCRIPT ERROR: Invalid call. Nonexistent function 'build_runtime_material_lookup' in base 'Nil'.
   at: ForgeGridController.build_default_material_lookup (res://runtime/forge/forge_grid_controller.gd:317)
   GDScript backtrace (most recent call first):
       [0] build_default_material_lookup (res://runtime/forge/forge_grid_controller.gd:317)
       [1] get_material_catalog_ids (res://runtime/forge/forge_grid_controller.gd:108)
       [2] _collect_material_catalog_ids (res://runtime/forge/forge_material_catalog_presenter.gd:211)
       [3] build_material_catalog (res://runtime/forge/forge_material_catalog_presenter.gd:17)
       [4] build_material_catalog (res://runtime/forge/forge_bench_material_state_presenter.gd:25)
       [5] _build_material_catalog (res://runtime/forge/crafting_bench_ui.gd:728)
       [6] refresh_all (res://runtime/forge/forge_bench_refresh_presenter.gd:20)
       [7] _refresh_all (res://runtime/forge/crafting_bench_ui.gd:741)
       [8] open_session (res://runtime/forge/forge_bench_session_presenter.gd:68)
       [9] open_for (res://runtime/forge/crafting_bench_ui.gd:462)
       [10] _run_verification (res://tools/verify_stage2_refinement_mode.gd:30)
SCRIPT ERROR: Invalid call. Nonexistent function 'build_ordered_material_ids' in base 'Nil'.
   at: ForgeGridController.get_material_catalog_ids (res://runtime/forge/forge_grid_controller.gd:108)
   GDScript backtrace (most recent call first):
       [0] get_material_catalog_ids (res://runtime/forge/forge_grid_controller.gd:108)
       [1] _collect_material_catalog_ids (res://runtime/forge/forge_material_catalog_presenter.gd:211)
       [2] build_material_catalog (res://runtime/forge/forge_material_catalog_presenter.gd:17)
       [3] build_material_catalog (res://runtime/forge/forge_bench_material_state_presenter.gd:25)
       [4] _build_material_catalog (res://runtime/forge/crafting_bench_ui.gd:728)
       [5] refresh_all (res://runtime/forge/forge_bench_refresh_presenter.gd:20)
       [6] _refresh_all (res://runtime/forge/crafting_bench_ui.gd:741)
       [7] open_session (res://runtime/forge/forge_bench_session_presenter.gd:68)
       [8] open_for (res://runtime/forge/crafting_bench_ui.gd:462)
       [9] _run_verification (res://tools/verify_stage2_refinement_mode.gd:30)
SCRIPT ERROR: Invalid call. Nonexistent function 'clear_active_sample_preset' in base 'Nil'.
   at: ForgeGridController.load_new_blank_wip_for_builder_path (res://runtime/forge/forge_grid_controller.gd:249)
   GDScript backtrace (most recent call first):
       [0] load_new_blank_wip_for_builder_path (res://runtime/forge/forge_grid_controller.gd:249)
       [1] load_new_blank_wip (res://runtime/forge/forge_grid_controller.gd:242)
       [2] ensure_editable_wip (res://runtime/forge/forge_grid_controller.gd:176)
       [3] ensure_editable_wip (res://runtime/forge/forge_project_workflow.gd:128)
       [4] ensure_wip_for_editing (res://runtime/forge/forge_project_action_presenter.gd:47)
       [5] _ensure_wip_for_editing (res://runtime/forge/crafting_bench_ui.gd:2577)
       [6] _refresh_workspace_visuals (res://runtime/forge/crafting_bench_ui.gd:946)
       [7] _refresh_plane_and_preview (res://runtime/forge/crafting_bench_ui.gd:943)
       [8] refresh_all (res://runtime/forge/forge_bench_refresh_presenter.gd:23)
       [9] _refresh_all (res://runtime/forge/crafting_bench_ui.gd:741)
       [10] open_session (res://runtime/forge/forge_bench_session_presenter.gd:68)
       [11] open_for (res://runtime/forge/crafting_bench_ui.gd:462)
       [12] _run_verification (res://tools/verify_stage2_refinement_mode.gd:30)
SCRIPT ERROR: Invalid call. Nonexistent function 'build_runtime_material_lookup' in base 'Nil'.
   at: ForgeGridController.build_default_material_lookup (res://runtime/forge/forge_grid_controller.gd:317)
   GDScript backtrace (most recent call first):
       [0] build_default_material_lookup (res://runtime/forge/forge_grid_controller.gd:317)
       [1] get_material_lookup (res://runtime/forge/forge_bench_material_state_presenter.gd:14)
       [2] _get_material_lookup (res://runtime/forge/crafting_bench_ui.gd:914)
       [3] _refresh_workspace_visuals (res://runtime/forge/crafting_bench_ui.gd:948)
       [4] _refresh_plane_and_preview (res://runtime/forge/crafting_bench_ui.gd:943)
       [5] refresh_all (res://runtime/forge/forge_bench_refresh_presenter.gd:23)
       [6] _refresh_all (res://runtime/forge/crafting_bench_ui.gd:741)
       [7] open_session (res://runtime/forge/forge_bench_session_presenter.gd:68)
       [8] open_for (res://runtime/forge/crafting_bench_ui.gd:462)
       [9] _run_verification (res://tools/verify_stage2_refinement_mode.gd:30)
SCRIPT ERROR: Invalid call. Nonexistent function 'clear_active_sample_preset' in base 'Nil'.
   at: ForgeGridController.load_new_blank_wip_for_builder_path (res://runtime/forge/forge_grid_controller.gd:249)
   GDScript backtrace (most recent call first):
       [0] load_new_blank_wip_for_builder_path (res://runtime/forge/forge_grid_controller.gd:249)
       [1] load_new_blank_wip (res://runtime/forge/forge_grid_controller.gd:242)
       [2] ensure_editable_wip (res://runtime/forge/forge_grid_controller.gd:176)
       [3] ensure_editable_wip (res://runtime/forge/forge_project_workflow.gd:128)
       [4] ensure_wip_for_editing (res://runtime/forge/forge_project_action_presenter.gd:47)
       [5] _ensure_wip_for_editing (res://runtime/forge/crafting_bench_ui.gd:2577)
       [6] _refresh_left_panel (res://runtime/forge/crafting_bench_ui.gd:1166)
       [7] refresh_all (res://runtime/forge/forge_bench_refresh_presenter.gd:24)
       [8] _refresh_all (res://runtime/forge/crafting_bench_ui.gd:741)
       [9] open_session (res://runtime/forge/forge_bench_session_presenter.gd:68)
       [10] open_for (res://runtime/forge/crafting_bench_ui.gd:462)
       [11] _run_verification (res://tools/verify_stage2_refinement_mode.gd:30)
SCRIPT ERROR: Invalid call. Nonexistent function 'clear_active_sample_preset' in base 'Nil'.
   at: ForgeGridController.load_new_blank_wip_for_builder_path (res://runtime/forge/forge_grid_controller.gd:249)
   GDScript backtrace (most recent call first):
       [0] load_new_blank_wip_for_builder_path (res://runtime/forge/forge_grid_controller.gd:249)
       [1] load_new_blank_wip (res://runtime/forge/forge_grid_controller.gd:242)
       [2] ensure_editable_wip (res://runtime/forge/forge_grid_controller.gd:176)
       [3] ensure_editable_wip (res://runtime/forge/forge_project_workflow.gd:128)
       [4] ensure_wip_for_editing (res://runtime/forge/forge_project_action_presenter.gd:47)
       [5] _ensure_wip_for_editing (res://runtime/forge/crafting_bench_ui.gd:2577)
       [6] _refresh_left_panel (res://runtime/forge/crafting_bench_ui.gd:1192)
       [7] refresh_all (res://runtime/forge/forge_bench_refresh_presenter.gd:24)
       [8] _refresh_all (res://runtime/forge/crafting_bench_ui.gd:741)
       [9] open_session (res://runtime/forge/forge_bench_session_presenter.gd:68)
       [10] open_for (res://runtime/forge/crafting_bench_ui.gd:462)
       [11] _run_verification (res://tools/verify_stage2_refinement_mode.gd:30)
SCRIPT ERROR: Invalid call. Nonexistent function 'clear_active_sample_preset' in base 'Nil'.
   at: ForgeGridController.load_new_blank_wip_for_builder_path (res://runtime/forge/forge_grid_controller.gd:249)
   GDScript backtrace (most recent call first):
       [0] load_new_blank_wip_for_builder_path (res://runtime/forge/forge_grid_controller.gd:249)
       [1] load_new_blank_wip (res://runtime/forge/forge_grid_controller.gd:242)
       [2] ensure_editable_wip (res://runtime/forge/forge_grid_controller.gd:176)
       [3] ensure_editable_wip (res://runtime/forge/forge_project_workflow.gd:128)
       [4] ensure_wip_for_editing (res://runtime/forge/forge_project_action_presenter.gd:47)
       [5] _ensure_wip_for_editing (res://runtime/forge/crafting_bench_ui.gd:2577)
       [6] _refresh_status_text (res://runtime/forge/crafting_bench_ui.gd:1339)
       [7] refresh_all (res://runtime/forge/forge_bench_refresh_presenter.gd:25)
       [8] _refresh_all (res://runtime/forge/crafting_bench_ui.gd:741)
       [9] open_session (res://runtime/forge/forge_bench_session_presenter.gd:68)
       [10] open_for (res://runtime/forge/crafting_bench_ui.gd:462)
       [11] _run_verification (res://tools/verify_stage2_refinement_mode.gd:30)
SCRIPT ERROR: Invalid call. Nonexistent function 'clear_active_sample_preset' in base 'Nil'.
   at: ForgeGridController.load_new_blank_wip_for_builder_path (res://runtime/forge/forge_grid_controller.gd:249)
   GDScript backtrace (most recent call first):
       [0] load_new_blank_wip_for_builder_path (res://runtime/forge/forge_grid_controller.gd:249)
       [1] load_new_blank_wip (res://runtime/forge/forge_grid_controller.gd:242)
       [2] ensure_editable_wip (res://runtime/forge/forge_grid_controller.gd:176)
       [3] ensure_editable_wip (res://runtime/forge/forge_project_workflow.gd:128)
       [4] ensure_wip_for_editing (res://runtime/forge/forge_project_action_presenter.gd:47)
       [5] _ensure_wip_for_editing (res://runtime/forge/crafting_bench_ui.gd:2577)
       [6] _refresh_status_text (res://runtime/forge/crafting_bench_ui.gd:1339)
       [7] refresh_all (res://runtime/forge/forge_bench_refresh_presenter.gd:25)
       [8] _refresh_all (res://runtime/forge/crafting_bench_ui.gd:741)
       [9] open_session (res://runtime/forge/forge_bench_session_presenter.gd:68)
       [10] open_for (res://runtime/forge/crafting_bench_ui.gd:462)
       [11] _run_verification (res://tools/verify_stage2_refinement_mode.gd:30)
SCRIPT ERROR: Invalid call. Nonexistent function 'build_runtime_material_lookup' in base 'Nil'.
   at: ForgeGridController.build_default_material_lookup (res://runtime/forge/forge_grid_controller.gd:317)
   GDScript backtrace (most recent call first):
       [0] build_default_material_lookup (res://runtime/forge/forge_grid_controller.gd:317)
       [1] get_material_lookup (res://runtime/forge/forge_bench_material_state_presenter.gd:14)
       [2] _get_material_lookup (res://runtime/forge/crafting_bench_ui.gd:914)
       [3] _refresh_status_text (res://runtime/forge/crafting_bench_ui.gd:1339)
       [4] refresh_all (res://runtime/forge/forge_bench_refresh_presenter.gd:25)
       [5] _refresh_all (res://runtime/forge/crafting_bench_ui.gd:741)
       [6] open_session (res://runtime/forge/forge_bench_session_presenter.gd:68)
       [7] open_for (res://runtime/forge/crafting_bench_ui.gd:462)
       [8] _run_verification (res://tools/verify_stage2_refinement_mode.gd:30)
SCRIPT ERROR: Invalid call. Nonexistent function 'clear_active_sample_preset' in base 'Nil'.
   at: ForgeGridController.load_new_blank_wip_for_builder_path (res://runtime/forge/forge_grid_controller.gd:249)
   GDScript backtrace (most recent call first):
       [0] load_new_blank_wip_for_builder_path (res://runtime/forge/forge_grid_controller.gd:249)
       [1] load_new_blank_wip (res://runtime/forge/forge_grid_controller.gd:242)
       [2] ensure_editable_wip (res://runtime/forge/forge_grid_controller.gd:176)
       [3] ensure_editable_wip (res://runtime/forge/forge_project_workflow.gd:128)
       [4] ensure_wip_for_editing (res://runtime/forge/forge_project_action_presenter.gd:47)
       [5] _ensure_wip_for_editing (res://runtime/forge/crafting_bench_ui.gd:2577)
       [6] _refresh_workspace_visuals (res://runtime/forge/crafting_bench_ui.gd:946)
       [7] _refresh_plane_and_preview (res://runtime/forge/crafting_bench_ui.gd:943)
       [8] _set_active_plane (res://runtime/forge/crafting_bench_ui.gd:1679)
       [9] _run_verification (res://tools/verify_stage2_refinement_mode.gd:65)
SCRIPT ERROR: Invalid call. Nonexistent function 'build_runtime_material_lookup' in base 'Nil'.
   at: ForgeGridController.build_default_material_lookup (res://runtime/forge/forge_grid_controller.gd:317)
   GDScript backtrace (most recent call first):
       [0] build_default_material_lookup (res://runtime/forge/forge_grid_controller.gd:317)
       [1] get_material_lookup (res://runtime/forge/forge_bench_material_state_presenter.gd:14)
       [2] _get_material_lookup (res://runtime/forge/crafting_bench_ui.gd:914)
       [3] _refresh_workspace_visuals (res://runtime/forge/crafting_bench_ui.gd:948)
       [4] _refresh_plane_and_preview (res://runtime/forge/crafting_bench_ui.gd:943)
       [5] _set_active_plane (res://runtime/forge/crafting_bench_ui.gd:1679)
       [6] _run_verification (res://tools/verify_stage2_refinement_mode.gd:65)
SCRIPT ERROR: Invalid call. Nonexistent function 'clear_active_sample_preset' in base 'Nil'.
   at: ForgeGridController.load_new_blank_wip_for_builder_path (res://runtime/forge/forge_grid_controller.gd:249)
   GDScript backtrace (most recent call first):
       [0] load_new_blank_wip_for_builder_path (res://runtime/forge/forge_grid_controller.gd:249)
       [1] load_new_blank_wip (res://runtime/forge/forge_grid_controller.gd:242)
       [2] ensure_editable_wip (res://runtime/forge/forge_grid_controller.gd:176)
       [3] ensure_editable_wip (res://runtime/forge/forge_project_workflow.gd:128)
       [4] ensure_wip_for_editing (res://runtime/forge/forge_project_action_presenter.gd:47)
       [5] _ensure_wip_for_editing (res://runtime/forge/crafting_bench_ui.gd:2577)
       [6] _refresh_left_panel (res://runtime/forge/crafting_bench_ui.gd:1166)
       [7] _set_active_plane (res://runtime/forge/crafting_bench_ui.gd:1680)
       [8] _run_verification (res://tools/verify_stage2_refinement_mode.gd:65)
SCRIPT ERROR: Invalid call. Nonexistent function 'clear_active_sample_preset' in base 'Nil'.
   at: ForgeGridController.load_new_blank_wip_for_builder_path (res://runtime/forge/forge_grid_controller.gd:249)
   GDScript backtrace (most recent call first):
       [0] load_new_blank_wip_for_builder_path (res://runtime/forge/forge_grid_controller.gd:249)
       [1] load_new_blank_wip (res://runtime/forge/forge_grid_controller.gd:242)
       [2] ensure_editable_wip (res://runtime/forge/forge_grid_controller.gd:176)
       [3] ensure_editable_wip (res://runtime/forge/forge_project_workflow.gd:128)
       [4] ensure_wip_for_editing (res://runtime/forge/forge_project_action_presenter.gd:47)
       [5] _ensure_wip_for_editing (res://runtime/forge/crafting_bench_ui.gd:2577)
       [6] _refresh_left_panel (res://runtime/forge/crafting_bench_ui.gd:1192)
       [7] _set_active_plane (res://runtime/forge/crafting_bench_ui.gd:1680)
       [8] _run_verification (res://tools/verify_stage2_refinement_mode.gd:65)
SCRIPT ERROR: Invalid call. Nonexistent function 'clear_active_sample_preset' in base 'Nil'.
   at: ForgeGridController.load_new_blank_wip_for_builder_path (res://runtime/forge/forge_grid_controller.gd:249)
   GDScript backtrace (most recent call first):
       [0] load_new_blank_wip_for_builder_path (res://runtime/forge/forge_grid_controller.gd:249)
       [1] load_new_blank_wip (res://runtime/forge/forge_grid_controller.gd:242)
       [2] ensure_editable_wip (res://runtime/forge/forge_grid_controller.gd:176)
       [3] ensure_editable_wip (res://runtime/forge/forge_project_workflow.gd:128)
       [4] ensure_wip_for_editing (res://runtime/forge/forge_project_action_presenter.gd:47)
       [5] _ensure_wip_for_editing (res://runtime/forge/crafting_bench_ui.gd:2577)
       [6] _refresh_status_text (res://runtime/forge/crafting_bench_ui.gd:1339)
       [7] _set_active_plane (res://runtime/forge/crafting_bench_ui.gd:1681)
       [8] _run_verification (res://tools/verify_stage2_refinement_mode.gd:65)
SCRIPT ERROR: Invalid call. Nonexistent function 'clear_active_sample_preset' in base 'Nil'.
   at: ForgeGridController.load_new_blank_wip_for_builder_path (res://runtime/forge/forge_grid_controller.gd:249)
   GDScript backtrace (most recent call first):
       [0] load_new_blank_wip_for_builder_path (res://runtime/forge/forge_grid_controller.gd:249)
       [1] load_new_blank_wip (res://runtime/forge/forge_grid_controller.gd:242)
       [2] ensure_editable_wip (res://runtime/forge/forge_grid_controller.gd:176)
       [3] ensure_editable_wip (res://runtime/forge/forge_project_workflow.gd:128)
       [4] ensure_wip_for_editing (res://runtime/forge/forge_project_action_presenter.gd:47)
       [5] _ensure_wip_for_editing (res://runtime/forge/crafting_bench_ui.gd:2577)
       [6] _refresh_status_text (res://runtime/forge/crafting_bench_ui.gd:1339)
       [7] _set_active_plane (res://runtime/forge/crafting_bench_ui.gd:1681)
       [8] _run_verification (res://tools/verify_stage2_refinement_mode.gd:65)
SCRIPT ERROR: Invalid call. Nonexistent function 'build_runtime_material_lookup' in base 'Nil'.
   at: ForgeGridController.build_default_material_lookup (res://runtime/forge/forge_grid_controller.gd:317)
   GDScript backtrace (most recent call first):
       [0] build_default_material_lookup (res://runtime/forge/forge_grid_controller.gd:317)
       [1] get_material_lookup (res://runtime/forge/forge_bench_material_state_presenter.gd:14)
       [2] _get_material_lookup (res://runtime/forge/crafting_bench_ui.gd:914)
       [3] _refresh_status_text (res://runtime/forge/crafting_bench_ui.gd:1339)
       [4] _set_active_plane (res://runtime/forge/crafting_bench_ui.gd:1681)
       [5] _run_verification (res://tools/verify_stage2_refinement_mode.gd:65)
SCRIPT ERROR: Invalid call. Nonexistent function 'clear_active_sample_preset' in base 'Nil'.
   at: ForgeGridController.load_new_blank_wip_for_builder_path (res://runtime/forge/forge_grid_controller.gd:249)
   GDScript backtrace (most recent call first):
       [0] load_new_blank_wip_for_builder_path (res://runtime/forge/forge_grid_controller.gd:249)
       [1] load_new_blank_wip (res://runtime/forge/forge_grid_controller.gd:242)
       [2] ensure_editable_wip (res://runtime/forge/forge_grid_controller.gd:176)
       [3] ensure_editable_wip (res://runtime/forge/forge_project_workflow.gd:128)
       [4] ensure_wip_for_editing (res://runtime/forge/forge_project_action_presenter.gd:47)
       [5] _ensure_wip_for_editing (res://runtime/forge/crafting_bench_ui.gd:2577)
       [6] _refresh_workspace_visuals (res://runtime/forge/crafting_bench_ui.gd:946)
       [7] _refresh_plane_and_preview (res://runtime/forge/crafting_bench_ui.gd:943)
       [8] _step_layer (res://runtime/forge/crafting_bench_ui.gd:1703)
       [9] _run_verification (res://tools/verify_stage2_refinement_mode.gd:66)
SCRIPT ERROR: Invalid call. Nonexistent function 'build_runtime_material_lookup' in base 'Nil'.
   at: ForgeGridController.build_default_material_lookup (res://runtime/forge/forge_grid_controller.gd:317)
   GDScript backtrace (most recent call first):
       [0] build_default_material_lookup (res://runtime/forge/forge_grid_controller.gd:317)
       [1] get_material_lookup (res://runtime/forge/forge_bench_material_state_presenter.gd:14)
       [2] _get_material_lookup (res://runtime/forge/crafting_bench_ui.gd:914)
       [3] _refresh_workspace_visuals (res://runtime/forge/crafting_bench_ui.gd:948)
       [4] _refresh_plane_and_preview (res://runtime/forge/crafting_bench_ui.gd:943)
       [5] _step_layer (res://runtime/forge/crafting_bench_ui.gd:1703)
       [6] _run_verification (res://tools/verify_stage2_refinement_mode.gd:66)
SCRIPT ERROR: Invalid call. Nonexistent function 'clear_active_sample_preset' in base 'Nil'.
   at: ForgeGridController.load_new_blank_wip_for_builder_path (res://runtime/forge/forge_grid_controller.gd:249)
   GDScript backtrace (most recent call first):
       [0] load_new_blank_wip_for_builder_path (res://runtime/forge/forge_grid_controller.gd:249)
       [1] load_new_blank_wip (res://runtime/forge/forge_grid_controller.gd:242)
       [2] ensure_editable_wip (res://runtime/forge/forge_grid_controller.gd:176)
       [3] ensure_editable_wip (res://runtime/forge/forge_project_workflow.gd:128)
       [4] ensure_wip_for_editing (res://runtime/forge/forge_project_action_presenter.gd:47)
       [5] _ensure_wip_for_editing (res://runtime/forge/crafting_bench_ui.gd:2577)
       [6] _refresh_left_panel (res://runtime/forge/crafting_bench_ui.gd:1166)
       [7] _step_layer (res://runtime/forge/crafting_bench_ui.gd:1708)
       [8] _run_verification (res://tools/verify_stage2_refinement_mode.gd:66)
SCRIPT ERROR: Invalid call. Nonexistent function 'clear_active_sample_preset' in base 'Nil'.
   at: ForgeGridController.load_new_blank_wip_for_builder_path (res://runtime/forge/forge_grid_controller.gd:249)
   GDScript backtrace (most recent call first):
       [0] load_new_blank_wip_for_builder_path (res://runtime/forge/forge_grid_controller.gd:249)
       [1] load_new_blank_wip (res://runtime/forge/forge_grid_controller.gd:242)
       [2] ensure_editable_wip (res://runtime/forge/forge_grid_controller.gd:176)
       [3] ensure_editable_wip (res://runtime/forge/forge_project_workflow.gd:128)
       [4] ensure_wip_for_editing (res://runtime/forge/forge_project_action_presenter.gd:47)
       [5] _ensure_wip_for_editing (res://runtime/forge/crafting_bench_ui.gd:2577)
       [6] _refresh_left_panel (res://runtime/forge/crafting_bench_ui.gd:1192)
       [7] _step_layer (res://runtime/forge/crafting_bench_ui.gd:1708)
       [8] _run_verification (res://tools/verify_stage2_refinement_mode.gd:66)
SCRIPT ERROR: Invalid call. Nonexistent function 'clear_active_sample_preset' in base 'Nil'.
   at: ForgeGridController.load_new_blank_wip_for_builder_path (res://runtime/forge/forge_grid_controller.gd:249)
   GDScript backtrace (most recent call first):
       [0] load_new_blank_wip_for_builder_path (res://runtime/forge/forge_grid_controller.gd:249)
       [1] load_new_blank_wip (res://runtime/forge/forge_grid_controller.gd:242)
       [2] ensure_editable_wip (res://runtime/forge/forge_grid_controller.gd:176)
       [3] ensure_editable_wip (res://runtime/forge/forge_project_workflow.gd:128)
       [4] ensure_wip_for_editing (res://runtime/forge/forge_project_action_presenter.gd:47)
       [5] _ensure_wip_for_editing (res://runtime/forge/crafting_bench_ui.gd:2577)
       [6] _refresh_status_text (res://runtime/forge/crafting_bench_ui.gd:1339)
       [7] _step_layer (res://runtime/forge/crafting_bench_ui.gd:1709)
       [8] _run_verification (res://tools/verify_stage2_refinement_mode.gd:66)
SCRIPT ERROR: Invalid call. Nonexistent function 'clear_active_sample_preset' in base 'Nil'.
   at: ForgeGridController.load_new_blank_wip_for_builder_path (res://runtime/forge/forge_grid_controller.gd:249)
   GDScript backtrace (most recent call first):
       [0] load_new_blank_wip_for_builder_path (res://runtime/forge/forge_grid_controller.gd:249)
       [1] load_new_blank_wip (res://runtime/forge/forge_grid_controller.gd:242)
       [2] ensure_editable_wip (res://runtime/forge/forge_grid_controller.gd:176)
       [3] ensure_editable_wip (res://runtime/forge/forge_project_workflow.gd:128)
       [4] ensure_wip_for_editing (res://runtime/forge/forge_project_action_presenter.gd:47)
       [5] _ensure_wip_for_editing (res://runtime/forge/crafting_bench_ui.gd:2577)
       [6] _refresh_status_text (res://runtime/forge/crafting_bench_ui.gd:1339)
       [7] _step_layer (res://runtime/forge/crafting_bench_ui.gd:1709)
       [8] _run_verification (res://tools/verify_stage2_refinement_mode.gd:66)
SCRIPT ERROR: Invalid call. Nonexistent function 'build_runtime_material_lookup' in base 'Nil'.
   at: ForgeGridController.build_default_material_lookup (res://runtime/forge/forge_grid_controller.gd:317)
   GDScript backtrace (most recent call first):
       [0] build_default_material_lookup (res://runtime/forge/forge_grid_controller.gd:317)
       [1] get_material_lookup (res://runtime/forge/forge_bench_material_state_presenter.gd:14)
       [2] _get_material_lookup (res://runtime/forge/crafting_bench_ui.gd:914)
       [3] _refresh_status_text (res://runtime/forge/crafting_bench_ui.gd:1339)
       [4] _step_layer (res://runtime/forge/crafting_bench_ui.gd:1709)
       [5] _run_verification (res://tools/verify_stage2_refinement_mode.gd:66)
SCRIPT ERROR: Invalid access to property or key 'stage2_item_state' on a base object of type 'Nil'.
   at: _run_verification (res://tools/verify_stage2_refinement_mode.gd:96)
   GDScript backtrace (most recent call first):
       [0] _run_verification (res://tools/verify_stage2_refinement_mode.gd:96)
