Godot Engine v4.6.1.stable.official.14d19694e - https://godotengine.org

ERROR: Failed to read the root certificate store.
   at: get_system_ca_certificates (platform/windows/os_windows.cpp:2570)
SCRIPT ERROR: Invalid type in function '_build_edge_segment' in base 'RefCounted (ForgeStage2SelectionPresenter)'. The Object-derived class of argument 1 (RefCounted (CraftedItemCanonicalSurfaceQuad)) is not a subclass of the expected argument class.
   at: ForgeStage2SelectionPresenter._resolve_nearest_shell_boundary_edge_id (res://runtime/forge/forge_stage2_selection_presenter.gd:534)
   GDScript backtrace (most recent call first):
       [0] _resolve_nearest_shell_boundary_edge_id (res://runtime/forge/forge_stage2_selection_presenter.gd:534)
       [1] resolve_hover_selection_data (res://runtime/forge/forge_stage2_selection_presenter.gd:242)
       [2] _resolve_visible_edge_target (res://tools/verify_stage2_edge_selection_feature_tools.gd:199)
       [3] _run_verification (res://tools/verify_stage2_edge_selection_feature_tools.gd:49)
SCRIPT ERROR: Invalid type in function '_build_edge_segment' in base 'RefCounted (ForgeStage2SelectionPresenter)'. The Object-derived class of argument 1 (RefCounted (CraftedItemCanonicalSurfaceQuad)) is not a subclass of the expected argument class.
   at: ForgeStage2SelectionPresenter._resolve_nearest_shell_boundary_edge_id (res://runtime/forge/forge_stage2_selection_presenter.gd:534)
   GDScript backtrace (most recent call first):
       [0] _resolve_nearest_shell_boundary_edge_id (res://runtime/forge/forge_stage2_selection_presenter.gd:534)
       [1] resolve_hover_selection_data (res://runtime/forge/forge_stage2_selection_presenter.gd:242)
       [2] _resolve_visible_edge_target (res://tools/verify_stage2_edge_selection_feature_tools.gd:199)
       [3] _run_verification (res://tools/verify_stage2_edge_selection_feature_tools.gd:57)
SCRIPT ERROR: Invalid type in function '_build_edge_segment' in base 'RefCounted (ForgeStage2SelectionPresenter)'. The Object-derived class of argument 1 (RefCounted (CraftedItemCanonicalSurfaceQuad)) is not a subclass of the expected argument class.
   at: ForgeStage2SelectionPresenter._resolve_nearest_shell_boundary_edge_id (res://runtime/forge/forge_stage2_selection_presenter.gd:534)
   GDScript backtrace (most recent call first):
       [0] _resolve_nearest_shell_boundary_edge_id (res://runtime/forge/forge_stage2_selection_presenter.gd:534)
       [1] resolve_hover_selection_data (res://runtime/forge/forge_stage2_selection_presenter.gd:242)
       [2] _update_stage2_selection_hover (res://runtime/forge/crafting_bench_ui.gd:1941)
       [3] _run_verification (res://tools/verify_stage2_edge_selection_feature_tools.gd:71)
SCRIPT ERROR: Invalid type in function '_build_edge_segment' in base 'RefCounted (ForgeStage2SelectionPresenter)'. The Object-derived class of argument 1 (RefCounted (CraftedItemCanonicalSurfaceQuad)) is not a subclass of the expected argument class.
   at: ForgeStage2SelectionPresenter._resolve_nearest_shell_boundary_edge_id (res://runtime/forge/forge_stage2_selection_presenter.gd:534)
   GDScript backtrace (most recent call first):
       [0] _resolve_nearest_shell_boundary_edge_id (res://runtime/forge/forge_stage2_selection_presenter.gd:534)
       [1] resolve_hover_selection_data (res://runtime/forge/forge_stage2_selection_presenter.gd:242)
       [2] _toggle_stage2_patch_selection_at_screen_position (res://runtime/forge/crafting_bench_ui.gd:1956)
       [3] _run_verification (res://tools/verify_stage2_edge_selection_feature_tools.gd:74)
SCRIPT ERROR: Invalid type in function '_build_edge_segment' in base 'RefCounted (ForgeStage2SelectionPresenter)'. The Object-derived class of argument 1 (RefCounted (CraftedItemCanonicalSurfaceQuad)) is not a subclass of the expected argument class.
   at: ForgeStage2SelectionPresenter._resolve_nearest_shell_boundary_edge_id (res://runtime/forge/forge_stage2_selection_presenter.gd:534)
   GDScript backtrace (most recent call first):
       [0] _resolve_nearest_shell_boundary_edge_id (res://runtime/forge/forge_stage2_selection_presenter.gd:534)
       [1] resolve_hover_selection_data (res://runtime/forge/forge_stage2_selection_presenter.gd:242)
       [2] _toggle_stage2_patch_selection_at_screen_position (res://runtime/forge/crafting_bench_ui.gd:1956)
       [3] _run_verification (res://tools/verify_stage2_edge_selection_feature_tools.gd:94)
SCRIPT ERROR: Invalid type in function '_build_edge_segment' in base 'RefCounted (ForgeStage2SelectionPresenter)'. The Object-derived class of argument 1 (RefCounted (CraftedItemCanonicalSurfaceQuad)) is not a subclass of the expected argument class.
   at: ForgeStage2SelectionPresenter._resolve_nearest_shell_boundary_edge_id (res://runtime/forge/forge_stage2_selection_presenter.gd:534)
   GDScript backtrace (most recent call first):
       [0] _resolve_nearest_shell_boundary_edge_id (res://runtime/forge/forge_stage2_selection_presenter.gd:534)
       [1] resolve_hover_selection_data (res://runtime/forge/forge_stage2_selection_presenter.gd:242)
       [2] _toggle_stage2_patch_selection_at_screen_position (res://runtime/forge/crafting_bench_ui.gd:1956)
       [3] _run_verification (res://tools/verify_stage2_edge_selection_feature_tools.gd:107)
